This is XeTeX, Version 3.141592653-2.6-0.999993 (TeX Live 2021/W32TeX) (preloaded format=xelatex 2021.11.24)  29 NOV 2021 01:42
entering extended mode
 restricted \write18 enabled.
 %&-line parsing enabled.
**thesis_bookdown.tex
(./thesis_bookdown.tex
LaTeX2e <2021-11-15>
L3 programming layer <2021-11-22> (c:/Users/palol/AppData/Roaming/TinyTeX/texmf-dist/tex/latex/base/book.cls
Document Class: book 2021/10/04 v1.4n Standard LaTeX document class
(c:/Users/palol/AppData/Roaming/TinyTeX/texmf-dist/tex/latex/base/bk10.clo
File: bk10.clo 2021/10/04 v1.4n Standard LaTeX file (size option)
)
\c@part=\count179
\c@chapter=\count180
\c@section=\count181
\c@subsection=\count182
\c@subsubsection=\count183
\c@paragraph=\count184
\c@subparagraph=\count185
\c@figure=\count186
\c@table=\count187
\abovecaptionskip=\skip47
\belowcaptionskip=\skip48
\bibindent=\dimen138
) (c:/Users/palol/AppData/Roaming/TinyTeX/texmf-dist/tex/latex/amsmath/amsmath.sty
Package: amsmath 2021/10/15 v2.17l AMS math features
\@mathmargin=\skip49
For additional information on amsmath, use the `?' option.
(c:/Users/palol/AppData/Roaming/TinyTeX/texmf-dist/tex/latex/amsmath/amstext.sty
Package: amstext 2021/08/26 v2.01 AMS text
(c:/Users/palol/AppData/Roaming/TinyTeX/texmf-dist/tex/latex/amsmath/amsgen.sty
File: amsgen.sty 1999/11/30 v2.0 generic functions
\@emptytoks=\toks16
\ex@=\dimen139
)) (c:/Users/palol/AppData/Roaming/TinyTeX/texmf-dist/tex/latex/amsmath/amsbsy.sty
Package: amsbsy 1999/11/29 v1.2d Bold Symbols
\pmbraise@=\dimen140
) (c:/Users/palol/AppData/Roaming/TinyTeX/texmf-dist/tex/latex/amsmath/amsopn.sty
Package: amsopn 2021/08/26 v2.02 operator names
)
\inf@bad=\count188
LaTeX Info: Redefining \frac on input line 234.
\uproot@=\count189
\leftroot@=\count190
LaTeX Info: Redefining \overline on input line 399.
\classnum@=\count191
\DOTSCASE@=\count192
LaTeX Info: Redefining \ldots on input line 496.
LaTeX Info: Redefining \dots on input line 499.
LaTeX Info: Redefining \cdots on input line 620.
\Mathstrutbox@=\box50
\strutbox@=\box51
\big@size=\dimen141
LaTeX Font Info:    Redeclaring font encoding OML on input line 743.
LaTeX Font Info:    Redeclaring font encoding OMS on input line 744.
\macc@depth=\count193
\c@MaxMatrixCols=\count194
\dotsspace@=\muskip16
\c@parentequation=\count195
\dspbrk@lvl=\count196
\tag@help=\toks17
\row@=\count197
\column@=\count198
\maxfields@=\count199
\andhelp@=\toks18
\eqnshift@=\dimen142
\alignsep@=\dimen143
\tagshift@=\dimen144
\tagwidth@=\dimen145
\totwidth@=\dimen146
\lineht@=\dimen147
\@envbody=\toks19
\multlinegap=\skip50
\multlinetaggap=\skip51
\mathdisplay@stack=\toks20
LaTeX Info: Redefining \[ on input line 2938.
LaTeX Info: Redefining \] on input line 2939.
) (c:/Users/palol/AppData/Roaming/TinyTeX/texmf-dist/tex/latex/amsfonts/amssymb.sty
Package: amssymb 2013/01/14 v3.01 AMS font symbols
(c:/Users/palol/AppData/Roaming/TinyTeX/texmf-dist/tex/latex/amsfonts/amsfonts.sty
Package: amsfonts 2013/01/14 v3.01 Basic AMSFonts support
\symAMSa=\mathgroup4
\symAMSb=\mathgroup5
LaTeX Font Info:    Redeclaring math symbol \hbar on input line 98.
LaTeX Font Info:    Overwriting math alphabet `\mathfrak' in version `bold'
(Font)                  U/euf/m/n --> U/euf/b/n on input line 106.
)) (c:/Users/palol/AppData/Roaming/TinyTeX/texmf-dist/tex/latex/lm/lmodern.sty
Package: lmodern 2015/05/01 v1.6.1 Latin Modern Fonts
LaTeX Font Info:    Overwriting symbol font `operators' in version `normal'
(Font)                  OT1/cmr/m/n --> OT1/lmr/m/n on input line 22.
LaTeX Font Info:    Overwriting symbol font `letters' in version `normal'
(Font)                  OML/cmm/m/it --> OML/lmm/m/it on input line 23.
LaTeX Font Info:    Overwriting symbol font `symbols' in version `normal'
(Font)                  OMS/cmsy/m/n --> OMS/lmsy/m/n on input line 24.
LaTeX Font Info:    Overwriting symbol font `largesymbols' in version `normal'
(Font)                  OMX/cmex/m/n --> OMX/lmex/m/n on input line 25.
LaTeX Font Info:    Overwriting symbol font `operators' in version `bold'
(Font)                  OT1/cmr/bx/n --> OT1/lmr/bx/n on input line 26.
LaTeX Font Info:    Overwriting symbol font `letters' in version `bold'
(Font)                  OML/cmm/b/it --> OML/lmm/b/it on input line 27.
LaTeX Font Info:    Overwriting symbol font `symbols' in version `bold'
(Font)                  OMS/cmsy/b/n --> OMS/lmsy/b/n on input line 28.
LaTeX Font Info:    Overwriting symbol font `largesymbols' in version `bold'
(Font)                  OMX/cmex/m/n --> OMX/lmex/m/n on input line 29.
LaTeX Font Info:    Overwriting math alphabet `\mathbf' in version `normal'
(Font)                  OT1/cmr/bx/n --> OT1/lmr/bx/n on input line 31.
LaTeX Font Info:    Overwriting math alphabet `\mathsf' in version `normal'
(Font)                  OT1/cmss/m/n --> OT1/lmss/m/n on input line 32.
LaTeX Font Info:    Overwriting math alphabet `\mathit' in version `normal'
(Font)                  OT1/cmr/m/it --> OT1/lmr/m/it on input line 33.
LaTeX Font Info:    Overwriting math alphabet `\mathtt' in version `normal'
(Font)                  OT1/cmtt/m/n --> OT1/lmtt/m/n on input line 34.
LaTeX Font Info:    Overwriting math alphabet `\mathbf' in version `bold'
(Font)                  OT1/cmr/bx/n --> OT1/lmr/bx/n on input line 35.
LaTeX Font Info:    Overwriting math alphabet `\mathsf' in version `bold'
(Font)                  OT1/cmss/bx/n --> OT1/lmss/bx/n on input line 36.
LaTeX Font Info:    Overwriting math alphabet `\mathit' in version `bold'
(Font)                  OT1/cmr/bx/it --> OT1/lmr/bx/it on input line 37.
LaTeX Font Info:    Overwriting math alphabet `\mathtt' in version `bold'
(Font)                  OT1/cmtt/m/n --> OT1/lmtt/m/n on input line 38.
) (c:/Users/palol/AppData/Roaming/TinyTeX/texmf-dist/tex/generic/iftex/iftex.sty
Package: iftex 2020/03/06 v1.0d TeX engine tests
) (c:/Users/palol/AppData/Roaming/TinyTeX/texmf-dist/tex/latex/unicode-math/unicode-math.sty (c:/Users/palol/AppData/Roaming/TinyTeX/texmf-dist/tex/latex/l3kernel/expl3.sty
Package: expl3 2021-11-22 L3 programming layer (loader) 
(c:/Users/palol/AppData/Roaming/TinyTeX/texmf-dist/tex/latex/l3backend/l3backend-xetex.def
File: l3backend-xetex.def 2021-10-18 L3 backend support: XeTeX
(|extractbb --version)
\c__kernel_sys_dvipdfmx_version_int=\count266
\l__color_backend_stack_int=\count267
\g__color_backend_stack_int=\count268
\g__graphics_track_int=\count269
\l__pdf_internal_box=\box52
\g__pdf_backend_object_int=\count270
\g__pdf_backend_annotation_int=\count271
\g__pdf_backend_link_int=\count272
))
Package: unicode-math 2020/01/31 v0.8q Unicode maths in XeLaTeX and LuaLaTeX
(c:/Users/palol/AppData/Roaming/TinyTeX/texmf-dist/tex/latex/unicode-math/unicode-math-xetex.sty
Package: unicode-math-xetex 2020/01/31 v0.8q Unicode maths in XeLaTeX and LuaLaTeX
(c:/Users/palol/AppData/Roaming/TinyTeX/texmf-dist/tex/latex/l3packages/xparse/xparse.sty
Package: xparse 2021-11-12 L3 Experimental document command parser
) (c:/Users/palol/AppData/Roaming/TinyTeX/texmf-dist/tex/latex/l3packages/l3keys2e/l3keys2e.sty
Package: l3keys2e 2021-11-12 LaTeX2e option processing using LaTeX3 keys
) (c:/Users/palol/AppData/Roaming/TinyTeX/texmf-dist/tex/latex/fontspec/fontspec.sty
Package: fontspec 2020/02/21 v2.7i Font selection for XeLaTeX and LuaLaTeX
(c:/Users/palol/AppData/Roaming/TinyTeX/texmf-dist/tex/latex/fontspec/fontspec-xetex.sty
Package: fontspec-xetex 2020/02/21 v2.7i Font selection for XeLaTeX and LuaLaTeX
\l__fontspec_script_int=\count273
\l__fontspec_language_int=\count274
\l__fontspec_strnum_int=\count275
\l__fontspec_tmp_int=\count276
\l__fontspec_tmpa_int=\count277
\l__fontspec_tmpb_int=\count278
\l__fontspec_tmpc_int=\count279
\l__fontspec_em_int=\count280
\l__fontspec_emdef_int=\count281
\l__fontspec_strong_int=\count282
\l__fontspec_strongdef_int=\count283
\l__fontspec_tmpa_dim=\dimen148
\l__fontspec_tmpb_dim=\dimen149
\l__fontspec_tmpc_dim=\dimen150
(c:/Users/palol/AppData/Roaming/TinyTeX/texmf-dist/tex/latex/base/fontenc.sty
Package: fontenc 2021/04/29 v2.0v Standard LaTeX package
) (c:/Users/palol/AppData/Roaming/TinyTeX/texmf-dist/tex/latex/fontspec/fontspec.cfg))) (c:/Users/palol/AppData/Roaming/TinyTeX/texmf-dist/tex/latex/base/fix-cm.sty
Package: fix-cm 2020/11/24 v1.1t fixes to LaTeX
(c:/Users/palol/AppData/Roaming/TinyTeX/texmf-dist/tex/latex/base/ts1enc.def
File: ts1enc.def 2001/06/05 v3.0e (jk/car/fm) Standard LaTeX file
LaTeX Font Info:    Redeclaring font encoding TS1 on input line 47.
))
\g__um_fam_int=\count284
\g__um_fonts_used_int=\count285
\l__um_primecount_int=\count286
\g__um_primekern_muskip=\muskip17
(c:/Users/palol/AppData/Roaming/TinyTeX/texmf-dist/tex/latex/unicode-math/unicode-math-table.tex))) (c:/Users/palol/AppData/Roaming/TinyTeX/texmf-dist/tex/latex/xcolor/xcolor.sty
Package: xcolor 2021/10/31 v2.13 LaTeX color extensions (UK)
(c:/Users/palol/AppData/Roaming/TinyTeX/texmf-dist/tex/latex/graphics-cfg/color.cfg
File: color.cfg 2016/01/02 v1.6 sample color configuration
)
Package xcolor Info: Driver file: xetex.def on input line 227.
(c:/Users/palol/AppData/Roaming/TinyTeX/texmf-dist/tex/latex/graphics-def/xetex.def
File: xetex.def 2021/03/18 v5.0k Graphics/color driver for xetex
)
Package xcolor Info: Model `cmy' substituted by `cmy0' on input line 1352.
Package xcolor Info: Model `RGB' extended on input line 1368.
Package xcolor Info: Model `HTML' substituted by `rgb' on input line 1370.
Package xcolor Info: Model `Hsb' substituted by `hsb' on input line 1371.
Package xcolor Info: Model `tHsb' substituted by `hsb' on input line 1372.
Package xcolor Info: Model `HSB' substituted by `hsb' on input line 1373.
Package xcolor Info: Model `Gray' substituted by `gray' on input line 1374.
Package xcolor Info: Model `wave' substituted by `hsb' on input line 1375.
) (c:/Users/palol/AppData/Roaming/TinyTeX/texmf-dist/tex/latex/bookmark/bookmark.sty
Package: bookmark 2020-11-06 v1.29 PDF bookmarks (HO)
(c:/Users/palol/AppData/Roaming/TinyTeX/texmf-dist/tex/latex/hyperref/hyperref.sty
Package: hyperref 2021-06-07 v7.00m Hypertext links for LaTeX
(c:/Users/palol/AppData/Roaming/TinyTeX/texmf-dist/tex/generic/ltxcmds/ltxcmds.sty
Package: ltxcmds 2020-05-10 v1.25 LaTeX kernel commands for general use (HO)
) (c:/Users/palol/AppData/Roaming/TinyTeX/texmf-dist/tex/generic/pdftexcmds/pdftexcmds.sty
Package: pdftexcmds 2020-06-27 v0.33 Utility functions of pdfTeX for LuaTeX (HO)
(c:/Users/palol/AppData/Roaming/TinyTeX/texmf-dist/tex/generic/infwarerr/infwarerr.sty
Package: infwarerr 2019/12/03 v1.5 Providing info/warning/error messages (HO)
)
Package pdftexcmds Info: \pdf@primitive is available.
Package pdftexcmds Info: \pdf@ifprimitive is available.
Package pdftexcmds Info: \pdfdraftmode not found.
) (c:/Users/palol/AppData/Roaming/TinyTeX/texmf-dist/tex/latex/graphics/keyval.sty
Package: keyval 2014/10/28 v1.15 key=value parser (DPC)
\KV@toks@=\toks21
) (c:/Users/palol/AppData/Roaming/TinyTeX/texmf-dist/tex/generic/kvsetkeys/kvsetkeys.sty
Package: kvsetkeys 2019/12/15 v1.18 Key value parser (HO)
) (c:/Users/palol/AppData/Roaming/TinyTeX/texmf-dist/tex/generic/kvdefinekeys/kvdefinekeys.sty
Package: kvdefinekeys 2019-12-19 v1.6 Define keys (HO)
) (c:/Users/palol/AppData/Roaming/TinyTeX/texmf-dist/tex/generic/pdfescape/pdfescape.sty
Package: pdfescape 2019/12/09 v1.15 Implements pdfTeX's escape features (HO)
) (c:/Users/palol/AppData/Roaming/TinyTeX/texmf-dist/tex/latex/hycolor/hycolor.sty
Package: hycolor 2020-01-27 v1.10 Color options for hyperref/bookmark (HO)
) (c:/Users/palol/AppData/Roaming/TinyTeX/texmf-dist/tex/latex/letltxmacro/letltxmacro.sty
Package: letltxmacro 2019/12/03 v1.6 Let assignment for LaTeX macros (HO)
) (c:/Users/palol/AppData/Roaming/TinyTeX/texmf-dist/tex/latex/auxhook/auxhook.sty
Package: auxhook 2019-12-17 v1.6 Hooks for auxiliary files (HO)
) (c:/Users/palol/AppData/Roaming/TinyTeX/texmf-dist/tex/latex/kvoptions/kvoptions.sty
Package: kvoptions 2020-10-07 v3.14 Key value format for package options (HO)
)
\@linkdim=\dimen151
\Hy@linkcounter=\count287
\Hy@pagecounter=\count288
(c:/Users/palol/AppData/Roaming/TinyTeX/texmf-dist/tex/latex/hyperref/pd1enc.def
File: pd1enc.def 2021-06-07 v7.00m Hyperref: PDFDocEncoding definition (HO)
) (c:/Users/palol/AppData/Roaming/TinyTeX/texmf-dist/tex/latex/hyperref/hyperref-langpatches.def
File: hyperref-langpatches.def 2021-06-07 v7.00m Hyperref: patches for babel languages
) (c:/Users/palol/AppData/Roaming/TinyTeX/texmf-dist/tex/generic/intcalc/intcalc.sty
Package: intcalc 2019/12/15 v1.3 Expandable calculations with integers (HO)
) (c:/Users/palol/AppData/Roaming/TinyTeX/texmf-dist/tex/generic/etexcmds/etexcmds.sty
Package: etexcmds 2019/12/15 v1.7 Avoid name clashes with e-TeX commands (HO)
)
\Hy@SavedSpaceFactor=\count289
(c:/Users/palol/AppData/Roaming/TinyTeX/texmf-dist/tex/latex/hyperref/puenc.def
File: puenc.def 2021-06-07 v7.00m Hyperref: PDF Unicode definition (HO)
)
Package hyperref Info: Option `unicode' set `true' on input line 4073.
Package hyperref Info: Hyper figures OFF on input line 4192.
Package hyperref Info: Link nesting OFF on input line 4197.
Package hyperref Info: Hyper index ON on input line 4200.
Package hyperref Info: Plain pages OFF on input line 4207.
Package hyperref Info: Backreferencing OFF on input line 4212.
Package hyperref Info: Implicit mode ON; LaTeX internals redefined.
Package hyperref Info: Bookmarks ON on input line 4445.
\c@Hy@tempcnt=\count290
(c:/Users/palol/AppData/Roaming/TinyTeX/texmf-dist/tex/latex/url/url.sty
\Urlmuskip=\muskip18
Package: url 2013/09/16  ver 3.4  Verb mode for urls, etc.
)
LaTeX Info: Redefining \url on input line 4804.
\XeTeXLinkMargin=\dimen152
(c:/Users/palol/AppData/Roaming/TinyTeX/texmf-dist/tex/generic/bitset/bitset.sty
Package: bitset 2019/12/09 v1.3 Handle bit-vector datatype (HO)
(c:/Users/palol/AppData/Roaming/TinyTeX/texmf-dist/tex/generic/bigintcalc/bigintcalc.sty
Package: bigintcalc 2019/12/15 v1.5 Expandable calculations on big integers (HO)
))
\Fld@menulength=\count291
\Field@Width=\dimen153
\Fld@charsize=\dimen154
Package hyperref Info: Hyper figures OFF on input line 6076.
Package hyperref Info: Link nesting OFF on input line 6081.
Package hyperref Info: Hyper index ON on input line 6084.
Package hyperref Info: backreferencing OFF on input line 6091.
Package hyperref Info: Link coloring OFF on input line 6096.
Package hyperref Info: Link coloring with OCG OFF on input line 6101.
Package hyperref Info: PDF/A mode OFF on input line 6106.
LaTeX Info: Redefining \ref on input line 6146.
LaTeX Info: Redefining \pageref on input line 6150.
(c:/Users/palol/AppData/Roaming/TinyTeX/texmf-dist/tex/latex/base/atbegshi-ltx.sty
Package: atbegshi-ltx 2021/01/10 v1.0c Emulation of the original atbegshi
package with kernel methods
)
\Hy@abspage=\count292
\c@Item=\count293
\c@Hfootnote=\count294
)
Package hyperref Info: Driver (autodetected): hxetex.
(c:/Users/palol/AppData/Roaming/TinyTeX/texmf-dist/tex/latex/hyperref/hxetex.def
File: hxetex.def 2021-06-07 v7.00m Hyperref driver for XeTeX
(c:/Users/palol/AppData/Roaming/TinyTeX/texmf-dist/tex/generic/stringenc/stringenc.sty
Package: stringenc 2019/11/29 v1.12 Convert strings between diff. encodings (HO)
)
\pdfm@box=\box53
\c@Hy@AnnotLevel=\count295
\HyField@AnnotCount=\count296
\Fld@listcount=\count297
\c@bookmark@seq@number=\count298
(c:/Users/palol/AppData/Roaming/TinyTeX/texmf-dist/tex/latex/rerunfilecheck/rerunfilecheck.sty
Package: rerunfilecheck 2019/12/05 v1.9 Rerun checks for auxiliary files (HO)
(c:/Users/palol/AppData/Roaming/TinyTeX/texmf-dist/tex/latex/base/atveryend-ltx.sty
Package: atveryend-ltx 2020/08/19 v1.0a Emulation of the original atveryend package
with kernel methods
) (c:/Users/palol/AppData/Roaming/TinyTeX/texmf-dist/tex/generic/uniquecounter/uniquecounter.sty
Package: uniquecounter 2019/12/15 v1.4 Provide unlimited unique counter (HO)
)
Package uniquecounter Info: New unique counter `rerunfilecheck' on input line 286.
)
\Hy@SectionHShift=\skip52
) (c:/Users/palol/AppData/Roaming/TinyTeX/texmf-dist/tex/latex/bookmark/bkm-dvipdfm.def
File: bkm-dvipdfm.def 2020-11-06 v1.29 bookmark driver for dvipdfm (HO)
\BKM@id=\count299
)) (c:/Users/palol/AppData/Roaming/TinyTeX/texmf-dist/tex/latex/tools/longtable.sty
Package: longtable 2021-09-01 v4.17 Multi-page Table package (DPC)
\LTleft=\skip53
\LTright=\skip54
\LTpre=\skip55
\LTpost=\skip56
\LTchunksize=\count300
\LTcapwidth=\dimen155
\LT@head=\box54
\LT@firsthead=\box55
\LT@foot=\box56
\LT@lastfoot=\box57
\LT@gbox=\box58
\LT@cols=\count301
\LT@rows=\count302
\c@LT@tables=\count303
\c@LT@chunks=\count304
\LT@p@ftn=\toks22
) (c:/Users/palol/AppData/Roaming/TinyTeX/texmf-dist/tex/latex/booktabs/booktabs.sty
Package: booktabs 2020/01/12 v1.61803398 Publication quality tables
\heavyrulewidth=\dimen156
\lightrulewidth=\dimen157
\cmidrulewidth=\dimen158
\belowrulesep=\dimen159
\belowbottomsep=\dimen160
\aboverulesep=\dimen161
\abovetopsep=\dimen162
\cmidrulesep=\dimen163
\cmidrulekern=\dimen164
\defaultaddspace=\dimen165
\@cmidla=\count305
\@cmidlb=\count306
\@aboverulesep=\dimen166
\@belowrulesep=\dimen167
\@thisruleclass=\count307
\@lastruleclass=\count308
\@thisrulewidth=\dimen168
) (c:/Users/palol/AppData/Roaming/TinyTeX/texmf-dist/tex/latex/tools/array.sty
Package: array 2021/10/04 v2.5f Tabular extension package (FMi)
\col@sep=\dimen169
\ar@mcellbox=\box59
\extrarowheight=\dimen170
\NC@list=\toks23
\extratabsurround=\skip57
\backup@length=\skip58
\ar@cellbox=\box60
) (c:/Users/palol/AppData/Roaming/TinyTeX/texmf-dist/tex/latex/tools/calc.sty
Package: calc 2017/05/25 v4.3 Infix arithmetic (KKT,FJ)
\calc@Acount=\count309
\calc@Bcount=\count310
\calc@Adimen=\dimen171
\calc@Bdimen=\dimen172
\calc@Askip=\skip59
\calc@Bskip=\skip60
LaTeX Info: Redefining \setlength on input line 80.
LaTeX Info: Redefining \addtolength on input line 81.
\calc@Ccount=\count311
\calc@Cskip=\skip61
) (c:/Users/palol/AppData/Roaming/TinyTeX/texmf-dist/tex/latex/etoolbox/etoolbox.sty
Package: etoolbox 2020/10/05 v2.5k e-TeX tools for LaTeX (JAW)
\etb@tempcnta=\count312
) (c:/Users/palol/AppData/Roaming/TinyTeX/texmf-dist/tex/latex/mdwtools/footnote.sty
Package: footnote 1997/01/28 1.13 Save footnotes around boxes
\fn@notes=\box61
\fn@width=\dimen173
) (c:/Users/palol/AppData/Roaming/TinyTeX/texmf-dist/tex/latex/graphics/graphicx.sty
Package: graphicx 2021/09/16 v1.2d Enhanced LaTeX Graphics (DPC,SPQR)
(c:/Users/palol/AppData/Roaming/TinyTeX/texmf-dist/tex/latex/graphics/graphics.sty
Package: graphics 2021/03/04 v1.4d Standard LaTeX Graphics (DPC,SPQR)
(c:/Users/palol/AppData/Roaming/TinyTeX/texmf-dist/tex/latex/graphics/trig.sty
Package: trig 2021/08/11 v1.11 sin cos tan (DPC)
) (c:/Users/palol/AppData/Roaming/TinyTeX/texmf-dist/tex/latex/graphics-cfg/graphics.cfg
File: graphics.cfg 2016/06/04 v1.11 sample graphics configuration
)
Package graphics Info: Driver file: xetex.def on input line 107.
)
\Gin@req@height=\dimen174
\Gin@req@width=\dimen175
) (c:/Users/palol/AppData/Roaming/TinyTeX/texmf-dist/tex/latex/fancyhdr/fancyhdr.sty
Package: fancyhdr 2021/01/28 v4.0.1 Extensive control of page headers and footers
\f@nch@headwidth=\skip62
\f@nch@O@elh=\skip63
\f@nch@O@erh=\skip64
\f@nch@O@olh=\skip65
\f@nch@O@orh=\skip66
\f@nch@O@elf=\skip67
\f@nch@O@erf=\skip68
\f@nch@O@olf=\skip69
\f@nch@O@orf=\skip70
) (c:/Users/palol/AppData/Roaming/TinyTeX/texmf-dist/tex/latex/float/float.sty
Package: float 2001/11/08 v1.3d Float enhancements (AL)
\c@float@type=\count313
\float@exts=\toks24
\float@box=\box62
\@float@everytoks=\toks25
\@floatcapt=\box63
) (c:/Users/palol/AppData/Roaming/TinyTeX/texmf-dist/tex/latex/graphics/lscape.sty
Package: lscape 2020/05/28 v3.02 Landscape Pages (DPC)
) (c:/Users/palol/AppData/Roaming/TinyTeX/texmf-dist/tex/latex/geometry/geometry.sty
Package: geometry 2020/01/02 v5.9 Page Geometry
(c:/Users/palol/AppData/Roaming/TinyTeX/texmf-dist/tex/generic/iftex/ifvtex.sty
Package: ifvtex 2019/10/25 v1.7 ifvtex legacy package. Use iftex instead.
)
\Gm@cnth=\count314
\Gm@cntv=\count315
\c@Gm@tempcnt=\count316
\Gm@bindingoffset=\dimen176
\Gm@wd@mp=\dimen177
\Gm@odd@mp=\dimen178
\Gm@even@mp=\dimen179
\Gm@layoutwidth=\dimen180
\Gm@layoutheight=\dimen181
\Gm@layouthoffset=\dimen182
\Gm@layoutvoffset=\dimen183
\Gm@dimlist=\toks26
) (c:/Users/palol/AppData/Roaming/TinyTeX/texmf-dist/tex/latex/wallpaper/wallpaper.sty
Package: wallpaper 2005/01/18, v1.01 easy wallpaper formatting (MHFW)
(c:/Users/palol/AppData/Roaming/TinyTeX/texmf-dist/tex/latex/base/ifthen.sty
Package: ifthen 2020/11/24 v1.1c Standard LaTeX ifthen package (DPC)
) (c:/Users/palol/AppData/Roaming/TinyTeX/texmf-dist/tex/latex/eso-pic/eso-pic.sty
Package: eso-pic 2020/10/14 v3.0a eso-pic (RN)
\ESO@tempdima=\dimen184
\ESO@tempdimb=\dimen185
)
\wpXoffset=\skip71
\wpYoffset=\skip72
\tileXoffset=\skip73
\tileYoffset=\skip74
\tilewidth=\skip75
\tileheight=\skip76
\tileX=\skip77
\tileY=\skip78
) (c:/Users/palol/AppData/Roaming/TinyTeX/texmf-dist/tex/latex/base/fontenc.sty
Package: fontenc 2021/04/29 v2.0v Standard LaTeX package
LaTeX Font Info:    Trying to load font information for T1+lmr on input line 112.
(c:/Users/palol/AppData/Roaming/TinyTeX/texmf-dist/tex/latex/lm/t1lmr.fd
File: t1lmr.fd 2015/05/01 v1.6.1 Font defs for Latin Modern
)) (c:/Users/palol/AppData/Roaming/TinyTeX/texmf-dist/tex/latex/subfig/subfig.sty
Package: subfig 2005/06/28 ver: 1.3 subfig package
(c:/Users/palol/AppData/Roaming/TinyTeX/texmf-dist/tex/latex/caption/caption.sty
Package: caption 2020/10/26 v3.5g Customizing captions (AR)
(c:/Users/palol/AppData/Roaming/TinyTeX/texmf-dist/tex/latex/caption/caption3.sty
Package: caption3 2020/10/21 v2.2e caption3 kernel (AR)
\captionmargin=\dimen186
\captionmargin@=\dimen187
\captionwidth=\dimen188
\caption@tempdima=\dimen189
\caption@indent=\dimen190
\caption@parindent=\dimen191
\caption@hangindent=\dimen192
Package caption Info: Standard document class detected.
)
\c@caption@flags=\count317
\c@continuedfloat=\count318
Package caption Info: float package is loaded.
Package caption Info: hyperref package is loaded.
Package caption Info: longtable package is loaded.
(c:/Users/palol/AppData/Roaming/TinyTeX/texmf-dist/tex/latex/caption/ltcaption.sty
Package: ltcaption 2020/05/30 v1.4b longtable captions (AR)
))
\c@KVtest=\count319
\sf@farskip=\skip79
\sf@captopadj=\dimen193
\sf@capskip=\skip80
\sf@nearskip=\skip81
\c@subfigure=\count320
\c@subfigure@save=\count321
\c@lofdepth=\count322
\c@subtable=\count323
\c@subtable@save=\count324
\c@lotdepth=\count325
\sf@top=\skip82
\sf@bottom=\skip83
) (c:/Users/palol/AppData/Roaming/TinyTeX/texmf-dist/tex/latex/multirow/multirow.sty
Package: multirow 2021/03/15 v2.8 Span multiple rows of a table
\multirow@colwidth=\skip84
\multirow@cntb=\count326
\multirow@dima=\skip85
\bigstrutjot=\dimen194
) (c:/Users/palol/AppData/Roaming/TinyTeX/texmf-dist/tex/latex/wrapfig/wrapfig.sty
\wrapoverhang=\dimen195
\WF@size=\dimen196
\c@WF@wrappedlines=\count327
\WF@box=\box64
\WF@everypar=\toks27
Package: wrapfig 2003/01/31  v 3.6
) (c:/Users/palol/AppData/Roaming/TinyTeX/texmf-dist/tex/latex/colortbl/colortbl.sty
Package: colortbl 2020/01/04 v1.0e Color table columns (DPC)
\everycr=\toks28
\minrowclearance=\skip86
) (c:/Users/palol/AppData/Roaming/TinyTeX/texmf-dist/tex/latex/pdflscape/pdflscape.sty
Package: pdflscape 2019/12/05 v0.12 Display of landscape pages in PDF (HO)
Package pdflscape Info: Auto-detected driver: dvipdfm (xetex) on input line 98.
) (c:/Users/palol/AppData/Roaming/TinyTeX/texmf-dist/tex/latex/tabu/tabu.sty
Package: tabu 2019/01/11 v2.9 - flexible LaTeX tabulars (FC+tabu-fixed)
(c:/Users/palol/AppData/Roaming/TinyTeX/texmf-dist/tex/latex/varwidth/varwidth.sty
Package: varwidth 2009/03/30 ver 0.92;  Variable-width minipages
\@vwid@box=\box65
\sift@deathcycles=\count328
\@vwid@loff=\dimen197
\@vwid@roff=\dimen198
)
\c@taburow=\count329
\tabu@nbcols=\count330
\tabu@cnt=\count331
\tabu@Xcol=\count332
\tabu@alloc=\count333
\tabu@nested=\count334
\tabu@target=\dimen199
\tabu@spreadtarget=\dimen256
\tabu@naturalX=\dimen257
\tabucolX=\dimen258
\tabu@Xsum=\dimen259
\extrarowdepth=\dimen260
\abovetabulinesep=\dimen261
\belowtabulinesep=\dimen262
\tabustrutrule=\dimen263
\tabu@thebody=\toks29
\tabu@footnotes=\toks30
\tabu@box=\box66
\tabu@arstrutbox=\box67
\tabu@hleads=\box68
\tabu@vleads=\box69
\tabu@cellskip=\skip87
) (c:/Users/palol/AppData/Roaming/TinyTeX/texmf-dist/tex/latex/threeparttable/threeparttable.sty
Package: threeparttable 2003/06/13  v 3.0
\@tempboxb=\box70
) (c:/Users/palol/AppData/Roaming/TinyTeX/texmf-dist/tex/latex/threeparttablex/threeparttablex.sty
Package: threeparttablex 2013/07/23 v0.3 by daleif
(c:/Users/palol/AppData/Roaming/TinyTeX/texmf-dist/tex/latex/environ/environ.sty
Package: environ 2014/05/04 v0.3 A new way to define environments
(c:/Users/palol/AppData/Roaming/TinyTeX/texmf-dist/tex/latex/trimspaces/trimspaces.sty
Package: trimspaces 2009/09/17 v1.1 Trim spaces around a token list
))
\TPTL@width=\skip88
) (c:/Users/palol/AppData/Roaming/TinyTeX/texmf-dist/tex/generic/ulem/ulem.sty
\UL@box=\box71
\UL@hyphenbox=\box72
\UL@skip=\skip89
\UL@hook=\toks31
\UL@height=\dimen264
\UL@pe=\count335
\UL@pixel=\dimen265
\ULC@box=\box73
Package: ulem 2019/11/18
\ULdepth=\dimen266
) (c:/Users/palol/AppData/Roaming/TinyTeX/texmf-dist/tex/latex/makecell/makecell.sty
Package: makecell 2009/08/03 V0.1e Managing of Tab Column Heads and Cells
\rotheadsize=\dimen267
\c@nlinenum=\count336
\TeXr@lab=\toks32
) (c:/Users/palol/AppData/Roaming/TinyTeX/texmf-dist/tex/latex/biblatex/biblatex.sty
Package: biblatex 2020/12/31 v3.16 programmable bibliographies (PK/MW)
(c:/Users/palol/AppData/Roaming/TinyTeX/texmf-dist/tex/latex/logreq/logreq.sty
Package: logreq 2010/08/04 v1.0 xml request logger
\lrq@indent=\count337
(c:/Users/palol/AppData/Roaming/TinyTeX/texmf-dist/tex/latex/logreq/logreq.def
File: logreq.def 2010/08/04 v1.0 logreq spec v1.0
))
\c@tabx@nest=\count338
\c@listtotal=\count339
\c@listcount=\count340
\c@liststart=\count341
\c@liststop=\count342
\c@citecount=\count343
\c@citetotal=\count344
\c@multicitecount=\count345
\c@multicitetotal=\count346
\c@instcount=\count347
\c@maxnames=\count348
\c@minnames=\count349
\c@maxitems=\count350
\c@minitems=\count351
\c@citecounter=\count352
\c@maxcitecounter=\count353
\c@savedcitecounter=\count354
\c@uniquelist=\count355
\c@uniquename=\count356
\c@refsection=\count357
\c@refsegment=\count358
\c@maxextratitle=\count359
\c@maxextratitleyear=\count360
\c@maxextraname=\count361
\c@maxextradate=\count362
\c@maxextraalpha=\count363
\c@abbrvpenalty=\count364
\c@highnamepenalty=\count365
\c@lownamepenalty=\count366
\c@maxparens=\count367
\c@parenlevel=\count368
\blx@tempcnta=\count369
\blx@tempcntb=\count370
\blx@tempcntc=\count371
\blx@maxsection=\count372
\blx@maxsegment@0=\count373
\blx@notetype=\count374
\blx@parenlevel@text=\count375
\blx@parenlevel@foot=\count376
\blx@sectionciteorder@0=\count377
\blx@entrysetcounter=\count378
\blx@biblioinstance=\count379
\labelnumberwidth=\skip90
\labelalphawidth=\skip91
\biblabelsep=\skip92
\bibitemsep=\skip93
\bibnamesep=\skip94
\bibinitsep=\skip95
\bibparsep=\skip96
\bibhang=\skip97
\blx@bcfin=\read2
\blx@bcfout=\write3
\blx@langwohyphens=\language3
\c@mincomprange=\count380
\c@maxcomprange=\count381
\c@mincompwidth=\count382
Package biblatex Info: Trying to load biblatex default data model...
Package biblatex Info: ... file 'blx-dm.def' found.
(c:/Users/palol/AppData/Roaming/TinyTeX/texmf-dist/tex/latex/biblatex/blx-dm.def
File: blx-dm.def 2020/12/31 v3.16 biblatex localization (PK/MW)
)
Package biblatex Info: Trying to load biblatex style data model...
Package biblatex Info: ... file 'apa.dbx' found.
(c:/Users/palol/AppData/Roaming/TinyTeX/texmf-dist/tex/latex/biblatex-apa/apa.dbx
File: apa.dbx 2020/08/28 v9.14 APA biblatex style data model
)
Package biblatex Info: Trying to load biblatex custom data model...
Package biblatex Info: ... file 'biblatex-dm.cfg' not found.
\c@afterword=\count383
\c@savedafterword=\count384
\c@annotator=\count385
\c@savedannotator=\count386
\c@author=\count387
\c@savedauthor=\count388
\c@bookauthor=\count389
\c@savedbookauthor=\count390
\c@commentator=\count391
\c@savedcommentator=\count392
\c@editor=\count393
\c@savededitor=\count394
\c@editora=\count395
\c@savededitora=\count396
\c@editorb=\count397
\c@savededitorb=\count398
\c@editorc=\count399
\c@savededitorc=\count400
\c@foreword=\count401
\c@savedforeword=\count402
\c@holder=\count403
\c@savedholder=\count404
\c@introduction=\count405
\c@savedintroduction=\count406
\c@namea=\count407
\c@savednamea=\count408
\c@nameb=\count409
\c@savednameb=\count410
\c@namec=\count411
\c@savednamec=\count412
\c@translator=\count413
\c@savedtranslator=\count414
\c@shortauthor=\count415
\c@savedshortauthor=\count416
\c@shorteditor=\count417
\c@savedshorteditor=\count418
\c@groupauthor=\count419
\c@savedgroupauthor=\count420
\c@narrator=\count421
\c@savednarrator=\count422
\c@execproducer=\count423
\c@savedexecproducer=\count424
\c@execdirector=\count425
\c@savedexecdirector=\count426
\c@with=\count427
\c@savedwith=\count428
\c@labelname=\count429
\c@savedlabelname=\count430
\c@institution=\count431
\c@savedinstitution=\count432
\c@lista=\count433
\c@savedlista=\count434
\c@listb=\count435
\c@savedlistb=\count436
\c@listc=\count437
\c@savedlistc=\count438
\c@listd=\count439
\c@savedlistd=\count440
\c@liste=\count441
\c@savedliste=\count442
\c@listf=\count443
\c@savedlistf=\count444
\c@location=\count445
\c@savedlocation=\count446
\c@organization=\count447
\c@savedorganization=\count448
\c@origlocation=\count449
\c@savedoriglocation=\count450
\c@origpublisher=\count451
\c@savedorigpublisher=\count452
\c@publisher=\count453
\c@savedpublisher=\count454
\c@language=\count455
\c@savedlanguage=\count456
\c@origlanguage=\count457
\c@savedoriglanguage=\count458
\c@citation=\count459
\c@savedcitation=\count460
\c@pageref=\count461
\c@savedpageref=\count462
\shorthandwidth=\skip98
\shortjournalwidth=\skip99
\shortserieswidth=\skip100
\shorttitlewidth=\skip101
\shortauthorwidth=\skip102
\shorteditorwidth=\skip103
\locallabelnumberwidth=\skip104
\locallabelalphawidth=\skip105
\localshorthandwidth=\skip106
\localshortjournalwidth=\skip107
\localshortserieswidth=\skip108
\localshorttitlewidth=\skip109
\localshortauthorwidth=\skip110
\localshorteditorwidth=\skip111
Package biblatex Info: Trying to load enhanced support for Unicode engines...
Package biblatex Info: ... file 'blx-unicode.def' found.
(c:/Users/palol/AppData/Roaming/TinyTeX/texmf-dist/tex/latex/biblatex/blx-unicode.def)
Package biblatex Info: Trying to load compatibility code...
Package biblatex Info: ... file 'blx-compat.def' found.
(c:/Users/palol/AppData/Roaming/TinyTeX/texmf-dist/tex/latex/biblatex/blx-compat.def
File: blx-compat.def 2020/12/31 v3.16 biblatex compatibility (PK/MW)
)
Package biblatex Info: Trying to load generic definitions...
Package biblatex Info: ... file 'biblatex.def' found.
(c:/Users/palol/AppData/Roaming/TinyTeX/texmf-dist/tex/latex/biblatex/biblatex.def
File: biblatex.def 2020/12/31 v3.16 biblatex compatibility (PK/MW)
\c@textcitecount=\count463
\c@textcitetotal=\count464
\c@textcitemaxnames=\count465
\c@biburlbigbreakpenalty=\count466
\c@biburlbreakpenalty=\count467
\c@biburlnumpenalty=\count468
\c@biburlucpenalty=\count469
\c@biburllcpenalty=\count470
\biburlbigskip=\muskip19
\biburlnumskip=\muskip20
\biburlucskip=\muskip21
\biburllcskip=\muskip22
\c@smartand=\count471
)
Package biblatex Info: Trying to load bibliography style 'apa'...
Package biblatex Info: ... file 'apa.bbx' found.
(c:/Users/palol/AppData/Roaming/TinyTeX/texmf-dist/tex/latex/biblatex-apa/apa.bbx
File: apa.bbx 2020/08/28 v9.14 APA biblatex references style
Package biblatex Info: Trying to load bibliography style 'standard'...
Package biblatex Info: ... file 'standard.bbx' found.
(c:/Users/palol/AppData/Roaming/TinyTeX/texmf-dist/tex/latex/biblatex/bbx/standard.bbx
File: standard.bbx 2020/12/31 v3.16 biblatex bibliography style (PK/MW)
\c@bbx:relatedcount=\count472
\c@bbx:relatedtotal=\count473
))
Package biblatex Info: Trying to load citation style 'apa'...
Package biblatex Info: ... file 'apa.cbx' found.
(c:/Users/palol/AppData/Roaming/TinyTeX/texmf-dist/tex/latex/biblatex-apa/apa.cbx
File: apa.cbx 2020/08/28 v9.14 APA biblatex citation style
Package biblatex Info: Delimiter 'nameyeardelim' in context '' already defined, overwriting.
Package biblatex Info: Delimiter 'nameyeardelim' in context 'textcite' already defined, overwriting.
Package biblatex Info: Delimiter 'andothersdelim' in context '' already defined, overwriting.
Package biblatex Info: Redefining '\fullcite'.
Package biblatex Info: Redefining '\citeauthor'.
Package biblatex Info: Redefining '\citeyear'.
Package biblatex Info: Redefining '\cite'.
Package biblatex Info: Redefining '\cites'.
Package biblatex Info: Redefining '\parencite'.
Package biblatex Info: Redefining '\parencites'.
Package biblatex Info: Redefining '\footcite'.
Package biblatex Info: Redefining '\footcites'.
Package biblatex Info: Redefining '\footcitetext'.
Package biblatex Info: Redefining '\footcitetexts'.
Package biblatex Info: Redefining '\smartcite'.
Package biblatex Info: Redefining '\smartcites'.
Package biblatex Info: Redefining '\textcite'.
Package biblatex Info: Redefining '\textcites'.
)
Package biblatex Info: Trying to load configuration file...
Package biblatex Info: ... file 'biblatex.cfg' found.
(c:/Users/palol/AppData/Roaming/TinyTeX/texmf-dist/tex/latex/biblatex/biblatex.cfg
File: biblatex.cfg 
))
\@quotelevel=\count474
\@quotereset=\count475
(./thesis_bookdown.aux

LaTeX Warning: Label `tab:statinst5' multiply defined.


LaTeX Warning: Label `tab:statinst5' multiply defined.


LaTeX Warning: Label `tab:statinst5' multiply defined.


LaTeX Warning: Label `tab:statinst5' multiply defined.


LaTeX Warning: Label `tab:statinst5' multiply defined.

)
\openout1 = `thesis_bookdown.aux'.

LaTeX Font Info:    Checking defaults for OML/cmm/m/it on input line 111.
LaTeX Font Info:    ... okay on input line 111.
LaTeX Font Info:    Checking defaults for OMS/cmsy/m/n on input line 111.
LaTeX Font Info:    ... okay on input line 111.
LaTeX Font Info:    Checking defaults for OT1/cmr/m/n on input line 111.
LaTeX Font Info:    ... okay on input line 111.
LaTeX Font Info:    Checking defaults for T1/cmr/m/n on input line 111.
LaTeX Font Info:    ... okay on input line 111.
LaTeX Font Info:    Checking defaults for TS1/cmr/m/n on input line 111.
LaTeX Font Info:    ... okay on input line 111.
LaTeX Font Info:    Checking defaults for TU/lmr/m/n on input line 111.
LaTeX Font Info:    ... okay on input line 111.
LaTeX Font Info:    Checking defaults for OMX/cmex/m/n on input line 111.
LaTeX Font Info:    ... okay on input line 111.
LaTeX Font Info:    Checking defaults for U/cmr/m/n on input line 111.
LaTeX Font Info:    ... okay on input line 111.
LaTeX Font Info:    Checking defaults for PD1/pdf/m/n on input line 111.
LaTeX Font Info:    ... okay on input line 111.
LaTeX Font Info:    Checking defaults for PU/pdf/m/n on input line 111.
LaTeX Font Info:    ... okay on input line 111.
LaTeX Font Info:    Overwriting math alphabet `\mathrm' in version `normal'
(Font)                  OT1/lmr/m/n --> TU/lmr/m/n on input line 111.
LaTeX Font Info:    Overwriting math alphabet `\mathit' in version `normal'
(Font)                  OT1/lmr/m/it --> TU/lmr/m/it on input line 111.
LaTeX Font Info:    Overwriting math alphabet `\mathbf' in version `normal'
(Font)                  OT1/lmr/bx/n --> TU/lmr/bx/n on input line 111.
LaTeX Font Info:    Overwriting math alphabet `\mathsf' in version `normal'
(Font)                  OT1/lmss/m/n --> TU/lmss/m/n on input line 111.
LaTeX Font Info:    Overwriting math alphabet `\mathsf' in version `bold'
(Font)                  OT1/lmss/bx/n --> TU/lmss/bx/n on input line 111.
LaTeX Font Info:    Overwriting math alphabet `\mathtt' in version `normal'
(Font)                  OT1/lmtt/m/n --> TU/lmtt/m/n on input line 111.
LaTeX Font Info:    Overwriting math alphabet `\mathtt' in version `bold'
(Font)                  OT1/lmtt/m/n --> TU/lmtt/bx/n on input line 111.

Package fontspec Info: latinmodern-math scale = 0.9989520677190833.


Package fontspec Info: latinmodern-math scale = 0.9989520677190833.


Package fontspec Info: latinmodern-math scale = 0.9989520677190833.


Package fontspec Info: Font family 'latinmodern-math.otf(0)' created for font
(fontspec)             'latinmodern-math.otf' with options
(fontspec)             [Scale=MatchLowercase,BoldItalicFont={},ItalicFont={},SmallCapsFont={},Script=Math,BoldFont={latinmodern-math.otf}].
(fontspec)              
(fontspec)              This font family consists of the following NFSS
(fontspec)             series/shapes:
(fontspec)              
(fontspec)             - 'normal' (m/n) with NFSS spec.:
(fontspec)             <->s*[0.9989520677190833]"[latinmodern-math.otf]/OT:script=math;language=dflt;"
(fontspec)             - 'small caps'  (m/sc) with NFSS spec.: 
(fontspec)             - 'bold' (b/n) with NFSS spec.:
(fontspec)             <->s*[0.9989520677190833]"[latinmodern-math.otf]/OT:script=math;language=dflt;"
(fontspec)             - 'bold small caps'  (b/sc) with NFSS spec.: 

LaTeX Font Info:    Trying to load font information for T1+latinmodern-math.otf(0) on input line 111.
LaTeX Font Info:    No file T1latinmodern-math.otf(0).fd. on input line 111.

LaTeX Font Warning: Font shape `T1/latinmodern-math.otf(0)/m/n' undefined
(Font)              using `T1/cmr/m/n' instead on input line 111.


Package unicode-math Warning: The first font loaded by unicode-math must be an
(unicode-math)                OpenType Math font (with script=math). If you
(unicode-math)                simply want ‘the default’ before loading
(unicode-math)                supplementary fonts over the top for certain
(unicode-math)                ranges, use: 
(unicode-math)                  \setmathfont{latinmodern-math.otf}


Package fontspec Info: latinmodern-math scale = 0.9989520677190833.


Package fontspec Info: latinmodern-math scale = 0.9989520677190833.


Package fontspec Info: latinmodern-math scale = 0.9989520677190833.


Package fontspec Info: latinmodern-math scale = 0.9989520677190833.


Package fontspec Info: latinmodern-math scale = 0.9989520677190833.


Package fontspec Info: Font family 'latinmodern-math.otf(1)' created for font
(fontspec)             'latinmodern-math.otf' with options
(fontspec)             [Scale=MatchLowercase,BoldItalicFont={},ItalicFont={},SmallCapsFont={},Script=Math,SizeFeatures={{Size=0-},{Size=0-0,Font=latinmodern-math.otf,Style=MathScript},{Size=-0,Font=latinmodern-math.otf,Style=MathScriptScript}},BoldFont={latinmodern-math.otf}].
(fontspec)              
(fontspec)              This font family consists of the following NFSS
(fontspec)             series/shapes:
(fontspec)              
(fontspec)             - 'normal' (m/n) with NFSS spec.:
(fontspec)             <0->s*[0.9989520677190833]"[latinmodern-math.otf]/OT:script=math;language=dflt;"<0-0>s*[0.9989520677190833]"[latinmodern-math.otf]/OT:script=math;language=dflt;+ssty=0;"<-0>s*[0.9989520677190833]"[latinmodern-math.otf]/OT:script=math;language=dflt;+ssty=1;"
(fontspec)             - 'small caps'  (m/sc) with NFSS spec.: 
(fontspec)             - 'bold' (b/n) with NFSS spec.:
(fontspec)             <->s*[0.9989520677190833]"[latinmodern-math.otf]/OT:script=math;language=dflt;"
(fontspec)             - 'bold small caps'  (b/sc) with NFSS spec.: 

LaTeX Font Info:    Trying to load font information for T1+latinmodern-math.otf(1) on input line 111.
LaTeX Font Info:    No file T1latinmodern-math.otf(1).fd. on input line 111.

LaTeX Font Warning: Font shape `T1/latinmodern-math.otf(1)/m/n' undefined
(Font)              using `T1/cmr/m/n' instead on input line 111.

LaTeX Font Info:    Encoding `OT1' has changed to `T1' for symbol font
(Font)              `operators' in the math version `normal' on input line 111.
LaTeX Font Info:    Overwriting symbol font `operators' in version `normal'
(Font)                  OT1/lmr/m/n --> T1/latinmodern-math.otf(1)/m/n on input line 111.
LaTeX Font Info:    Encoding `OT1' has changed to `T1' for symbol font
(Font)              `operators' in the math version `bold' on input line 111.
LaTeX Font Info:    Overwriting symbol font `operators' in version `bold'
(Font)                  OT1/lmr/bx/n --> T1/latinmodern-math.otf(1)/b/n on input line 111.
Package hyperref Info: Link coloring OFF on input line 111.
(c:/Users/palol/AppData/Roaming/TinyTeX/texmf-dist/tex/latex/hyperref/nameref.sty
Package: nameref 2021-04-02 v2.47 Cross-referencing by name of section
(c:/Users/palol/AppData/Roaming/TinyTeX/texmf-dist/tex/latex/refcount/refcount.sty
Package: refcount 2019/12/15 v3.6 Data extraction from label references (HO)
) (c:/Users/palol/AppData/Roaming/TinyTeX/texmf-dist/tex/generic/gettitlestring/gettitlestring.sty
Package: gettitlestring 2019/12/15 v1.6 Cleanup title references (HO)
)
\c@section@level=\count476
)
LaTeX Info: Redefining \ref on input line 111.
LaTeX Info: Redefining \pageref on input line 111.
LaTeX Info: Redefining \nameref on input line 111.
*geometry* driver: auto-detecting
*geometry* detected driver: xetex
*geometry* verbose mode - [ preamble ] result:
* driver: xetex
* paper: custom
* layout: <same size as paper>
* layoutoffset:(h,v)=(0.0pt,0.0pt)
* modes: twoside 
* h-part:(L,W,R)=(78.24507pt, 341.43307pt, 64.01869pt)
* v-part:(T,H,B)=(81.94476pt, 478.0042pt, 122.91718pt)
* \paperwidth=483.69684pt
* \paperheight=682.86613pt
* \textwidth=341.43307pt
* \textheight=478.0042pt
* \oddsidemargin=5.97508pt
* \evensidemargin=-8.2513pt
* \topmargin=-20.39272pt
* \headheight=12.0pt
* \headsep=18.06749pt
* \topskip=10.0pt
* \footskip=25.29494pt
* \marginparwidth=125.0pt
* \marginparsep=7.0pt
* \columnsep=10.0pt
* \skip\footins=9.0pt plus 4.0pt minus 2.0pt
* \hoffset=0.0pt
* \voffset=0.0pt
* \mag=1000
* \@twocolumnfalse
* \@twosidetrue
* \@mparswitchtrue
* \@reversemarginfalse
* (1in=72.27pt=25.4mm, 1cm=28.453pt)

Package caption Info: Begin \AtBeginDocument code.
Package caption Info: subfig package v1.3 is loaded.
Package caption Info: threeparttable package is loaded.
Package caption Info: wrapfig package is loaded.
Package caption Info: End \AtBeginDocument code.
Package biblatex Info: Trying to load language 'english' -> 'english-apa'...
Package biblatex Info: ... file 'english-apa.lbx' found.
(c:/Users/palol/AppData/Roaming/TinyTeX/texmf-dist/tex/latex/biblatex-apa/english-apa.lbx
File: english-apa.lbx 2020/08/28 v9.14 APA biblatex localisation
Package biblatex Info: Trying to load language 'english'...
Package biblatex Info: ... file 'english.lbx' found.
(c:/Users/palol/AppData/Roaming/TinyTeX/texmf-dist/tex/latex/biblatex/lbx/english.lbx
File: english.lbx 2020/12/31 v3.16 biblatex localization (PK/MW)
)
Package biblatex Info: Trying to load language 'american' -> 'american-apa'...
Package biblatex Info: ... file 'american-apa.lbx' found.
(c:/Users/palol/AppData/Roaming/TinyTeX/texmf-dist/tex/latex/biblatex-apa/american-apa.lbx
File: american-apa.lbx 2020/08/28 v9.14 APA biblatex localisation
Package biblatex Info: Trying to load language 'american'...
Package biblatex Info: ... file 'american.lbx' found.
(c:/Users/palol/AppData/Roaming/TinyTeX/texmf-dist/tex/latex/biblatex/lbx/american.lbx
File: american.lbx 2020/12/31 v3.16 biblatex localization (PK/MW)
Package biblatex Info: Trying to load language 'english'...
Package biblatex Info: ... file 'english.lbx' found.
(c:/Users/palol/AppData/Roaming/TinyTeX/texmf-dist/tex/latex/biblatex/lbx/english.lbx
File: english.lbx 2020/12/31 v3.16 biblatex localization (PK/MW)
))))
Package biblatex Info: XeTeX detected.
(biblatex)             Assuming input encoding 'utf8'.
Package biblatex Info: Automatic encoding selection.
(biblatex)             Assuming data encoding 'utf8'.
Package biblatex Info: Document encoding is UTF8 ....
Package biblatex Info: ... and expl3
(biblatex)             2021-11-22 L3 programming layer (loader) 
(biblatex)             is new enough (at least 2020/04/06),
(biblatex)             setting 'casechanger=expl3'.
(c:/Users/palol/AppData/Roaming/TinyTeX/texmf-dist/tex/latex/biblatex/blx-case-expl3.sty
Package: blx-case-expl3 2020/12/31 v3.16 expl3 case changing code for biblatex
)
\openout3 = `thesis_bookdown.bcf'.

Package biblatex Info: Trying to load bibliographic data...
Package biblatex Info: ... file 'thesis_bookdown.bbl' found.
(./thesis_bookdown.bbl

Package biblatex Warning: The following entry could not be found
(biblatex)                in the database:
(biblatex)                epidemicIllusions
(biblatex)                Please verify the spelling and rerun
(biblatex)                LaTeX afterwards.

)
Package biblatex Info: Reference section=0 on input line 111.
Package biblatex Info: Reference segment=0 on input line 111.
LaTeX Font Info:    Trying to load font information for OML+lmm on input line 113.
(c:/Users/palol/AppData/Roaming/TinyTeX/texmf-dist/tex/latex/lm/omllmm.fd
File: omllmm.fd 2015/05/01 v1.6.1 Font defs for Latin Modern
)
LaTeX Font Info:    Trying to load font information for OMS+lmsy on input line 113.
(c:/Users/palol/AppData/Roaming/TinyTeX/texmf-dist/tex/latex/lm/omslmsy.fd
File: omslmsy.fd 2015/05/01 v1.6.1 Font defs for Latin Modern
)
LaTeX Font Info:    Trying to load font information for OMX+lmex on input line 113.
(c:/Users/palol/AppData/Roaming/TinyTeX/texmf-dist/tex/latex/lm/omxlmex.fd
File: omxlmex.fd 2015/05/01 v1.6.1 Font defs for Latin Modern
)
LaTeX Font Info:    External font `lmex10' loaded for size
(Font)              <12> on input line 113.
LaTeX Font Info:    External font `lmex10' loaded for size
(Font)              <8> on input line 113.
LaTeX Font Info:    External font `lmex10' loaded for size
(Font)              <6> on input line 113.
LaTeX Font Info:    Trying to load font information for U+msa on input line 113.
(c:/Users/palol/AppData/Roaming/TinyTeX/texmf-dist/tex/latex/amsfonts/umsa.fd
File: umsa.fd 2013/01/14 v3.01 AMS symbols A
)
LaTeX Font Info:    Trying to load font information for U+msb on input line 113.
(c:/Users/palol/AppData/Roaming/TinyTeX/texmf-dist/tex/latex/amsfonts/umsb.fd
File: umsb.fd 2013/01/14 v3.01 AMS symbols B
) [1


]
File: eur_line.pdf Graphic file (type pdf)
<use eur_line.pdf>
File: eur_logo.pdf Graphic file (type pdf)
<use eur_logo.pdf>
[2] [3]
Underfull \hbox (badness 2837) in paragraph at lines 169--170
[]\T1/lmr/bx/n/10 Rojas-Saunero L.P. []\T1/lmr/m/n/10 In the midst of two re-al-i-ties[]. \T1/lmr/m/it/10 Epi-demi-ol-ogy.
 []

[4]
Package biblatex Info: Reference segment=1 on input line 174.
Package biblatex Info: Setting label 'refsegment:01' on input line 174.
(./thesis_bookdown.toc
LaTeX Font Info:    External font `lmex10' loaded for size
(Font)              <10> on input line 5.
LaTeX Font Info:    External font `lmex10' loaded for size
(Font)              <7> on input line 5.
LaTeX Font Info:    External font `lmex10' loaded for size
(Font)              <5> on input line 5.
[5

] [6])
\tf@toc=\write4
\openout4 = `thesis_bookdown.toc'.

[7] [8

]
Chapter 1.
Package biblatex Info: Reference segment=2 on input line 177.
Package biblatex Info: Setting label 'refsegment:02' on input line 177.
[9]
Underfull \vbox (badness 2698) has occurred while \output is active []

[10] [11] [12] [13] [14] [15] [16]
File: C:/Users/palol/OneDrive/Desktop/thesis_bookdown/figs/rs.png Graphic file (type bmp)
<C:/Users/palol/OneDrive/Desktop/thesis_bookdown/figs/rs.png>
[17] [18]
Missing character: There is no – ("2013) in font ec-lmr10!
[19]
Missing character: There is no – ("2013) in font ec-lmr10!
Missing character: There is no — ("2014) in font ec-lmr10!
[20]
Chapter 2.
Package biblatex Info: Reference segment=3 on input line 231.
Package biblatex Info: Setting label 'refsegment:03' on input line 231.
[21

]
Overfull \hbox (201.58199pt too wide) has occurred while \output is active
\T1/lmr/m/n/10 22 \T1/lmr/m/sl/10 CHAPTER 2.  EMULATING A TARGET TRIAL OF STATIN USE AND RISK OF DEMENTIA USING COHORT DATA
 []

[22] [23]
Overfull \hbox (201.58199pt too wide) has occurred while \output is active
\T1/lmr/m/n/10 24 \T1/lmr/m/sl/10 CHAPTER 2.  EMULATING A TARGET TRIAL OF STATIN USE AND RISK OF DEMENTIA USING COHORT DATA
 []

[24]
Underfull \vbox (badness 10000) has occurred while \output is active []

[25]
Overfull \hbox (201.58199pt too wide) has occurred while \output is active
\T1/lmr/m/n/10 26 \T1/lmr/m/sl/10 CHAPTER 2.  EMULATING A TARGET TRIAL OF STATIN USE AND RISK OF DEMENTIA USING COHORT DATA
 []

[26]
Missing character: There is no 𝜃 ("1D703) in font ecrm1000!
Missing character: There is no 𝜃 ("1D703) in font ecrm1000!
Missing character: There is no 𝜃 ("1D703) in font ecrm1000!
Missing character: There is no ∗ ("2217) in font ecrm1000!
Missing character: There is no 𝜃 ("1D703) in font ecrm1000!
Missing character: There is no 𝜃 ("1D703) in font ecrm1000!
Missing character: There is no 𝜃 ("1D703) in font ecrm1000!
Missing character: There is no 𝜃 ("1D703) in font ecrm1000!
Missing character: There is no ∗ ("2217) in font ecrm1000!
Missing character: There is no 𝜃 ("1D703) in font ecrm1000!
Missing character: There is no ′ ("2032) in font ecrm0700!

Underfull \hbox (badness 1584) in paragraph at lines 322--322
[]\T1/lmr/m/n/10 For each out-come we fit a weighted pooled lo-gis-tic re-gres-sion model:
 []

Missing character: There is no ∏ ("220F) in font ecrm1000!
Missing character: There is no │ ("2502) in font ecrm1000!
Missing character: There is no ̄ ("304) in font ecrm1000!
Missing character: There is no − ("2212) in font ecrm0700!
Missing character: There is no ̄ ("304) in font ecrm1000!
Missing character: There is no ̄ ("304) in font ecrm1000!
Missing character: There is no − ("2212) in font ecrm0700!
Missing character: There is no ̄ ("304) in font ecrm1000!
Missing character: There is no − ("2212) in font ecrm0700!
Missing character: There is no ̄ ("304) in font ecrm1000!
Missing character: There is no ̄ ("304) in font ecrm1000!
Missing character: There is no − ("2212) in font ecrm0700!
Missing character: There is no ̄ ("304) in font ecrm1000!
Missing character: There is no − ("2212) in font ecrm0700!
Missing character: There is no ̄ ("304) in font ecrm1000!
Missing character: There is no ̄ ("304) in font ecrm1000!
Missing character: There is no − ("2212) in font ecrm0700!
Missing character: There is no − ("2212) in font ecrm0700!
Missing character: There is no ̄ ("304) in font ecrm1000!
Missing character: There is no − ("2212) in font ecrm0700!
Missing character: There is no ̄ ("304) in font ecrm1000!
Missing character: There is no − ("2212) in font ecrm0700!
Missing character: There is no − ("2212) in font ecrm0700!
Missing character: There is no ̄ ("304) in font ecrm1000!
Missing character: There is no − ("2212) in font ecrm0700!
Missing character: There is no ̄ ("304) in font ecrm1000!
Missing character: There is no − ("2212) in font ecrm0700!
Missing character: There is no ̄ ("304) in font ecrm1000!
Missing character: There is no − ("2212) in font ecrm0700!
Missing character: There is no ̄ ("304) in font ecrm1000!
Missing character: There is no ̄ ("304) in font ecrm1000!
Missing character: There is no − ("2212) in font ecrm0700!
[27]
Missing character: There is no ε ("3B5) in font ec-lmr10!

Overfull \hbox (201.58199pt too wide) has occurred while \output is active
\T1/lmr/m/n/10 28 \T1/lmr/m/sl/10 CHAPTER 2.  EMULATING A TARGET TRIAL OF STATIN USE AND RISK OF DEMENTIA USING COHORT DATA
 []

[28] [29]
Missing character: There is no ≥ ("2265) in font ec-lmr10!
Missing character: There is no ≥ ("2265) in font ec-lmr10!

Overfull \hbox (201.58199pt too wide) has occurred while \output is active
\T1/lmr/m/n/10 30 \T1/lmr/m/sl/10 CHAPTER 2.  EMULATING A TARGET TRIAL OF STATIN USE AND RISK OF DEMENTIA USING COHORT DATA
 []

[30] [31]
Overfull \hbox (201.58199pt too wide) has occurred while \output is active
\T1/lmr/m/n/10 32 \T1/lmr/m/sl/10 CHAPTER 2.  EMULATING A TARGET TRIAL OF STATIN USE AND RISK OF DEMENTIA USING COHORT DATA
 []

[32]
LaTeX Font Info:    Calculating math sizes for size <7.5> on input line 391.
LaTeX Font Info:    External font `lmex10' loaded for size
(Font)              <7.5> on input line 391.
LaTeX Font Info:    External font `lmex10' loaded for size
(Font)              <5.24997> on input line 391.
LaTeX Font Info:    External font `lmex10' loaded for size
(Font)              <3.75> on input line 391.

Overfull \hbox (21.77359pt too wide) in paragraph at lines 391--426
 [] 
 []


Overfull \vbox (15.60489pt too high) has occurred while \output is active []

[33]
File: C:/Users/palol/OneDrive/Desktop/thesis_bookdown/figs/statinsf1_test.pdf Graphic file (type pdf)
<use C:/Users/palol/OneDrive/Desktop/thesis_bookdown/figs/statinsf1_test.pdf>

Overfull \hbox (201.58199pt too wide) has occurred while \output is active
\T1/lmr/m/n/10 34 \T1/lmr/m/sl/10 CHAPTER 2.  EMULATING A TARGET TRIAL OF STATIN USE AND RISK OF DEMENTIA USING COHORT DATA
 []

[34]
Overfull \hbox (7.54721pt too wide) in paragraph at lines 458--522
 [] 
 []


Overfull \vbox (108.7023pt too high) has occurred while \output is active []

[35]
LaTeX Font Info:    External font `lmex10' loaded for size
(Font)              <9> on input line 533.

Overfull \hbox (5.96428pt too wide) in paragraph at lines 535--535
[]|\T1/lmr/bx/n/9 Treatment 
 []


Overfull \hbox (201.58199pt too wide) has occurred while \output is active
\T1/lmr/m/n/10 36 \T1/lmr/m/sl/10 CHAPTER 2.  EMULATING A TARGET TRIAL OF STATIN USE AND RISK OF DEMENTIA USING COHORT DATA
 []

[36]
Overfull \hbox (5.96428pt too wide) in paragraph at lines 562--562
[]|\T1/lmr/bx/n/9 Treatment 
 []


Overfull \hbox (2.50133pt too wide) in paragraph at lines 562--562
 \T1/lmr/bx/n/9 %(95%CI)*| 
 []


Overfull \hbox (7.82631pt too wide) in paragraph at lines 562--562
 \T1/lmr/bx/n/9 %(95%CI)**| 
 []

[37]
Overfull \hbox (201.58199pt too wide) has occurred while \output is active
\T1/lmr/m/n/10 38 \T1/lmr/m/sl/10 CHAPTER 2.  EMULATING A TARGET TRIAL OF STATIN USE AND RISK OF DEMENTIA USING COHORT DATA
 []

[38]
File: C:/Users/palol/OneDrive/Desktop/thesis_bookdown/figs/statinsf2.pdf Graphic file (type pdf)
<use C:/Users/palol/OneDrive/Desktop/thesis_bookdown/figs/statinsf2.pdf>
Missing character: There is no ε ("3B5) in font ec-lmr10!
Missing character: There is no ε ("3B5) in font ec-lmr10!

LaTeX Warning: Float too large for page by 21.37718pt on input line 596.

File: C:/Users/palol/OneDrive/Desktop/thesis_bookdown/figs/statinsf3.pdf Graphic file (type pdf)
<use C:/Users/palol/OneDrive/Desktop/thesis_bookdown/figs/statinsf3.pdf>
Missing character: There is no ε ("3B5) in font ec-lmr10!
Missing character: There is no ε ("3B5) in font ec-lmr10!

LaTeX Warning: Float too large for page by 21.37718pt on input line 609.

[39]
Overfull \hbox (201.58199pt too wide) has occurred while \output is active
\T1/lmr/m/n/10 40 \T1/lmr/m/sl/10 CHAPTER 2.  EMULATING A TARGET TRIAL OF STATIN USE AND RISK OF DEMENTIA USING COHORT DATA
 []

[40]
Missing character: There is no ε ("3B5) in font ec-lmr10!
[41


]
Overfull \hbox (201.58199pt too wide) has occurred while \output is active
\T1/lmr/m/n/10 42 \T1/lmr/m/sl/10 CHAPTER 2.  EMULATING A TARGET TRIAL OF STATIN USE AND RISK OF DEMENTIA USING COHORT DATA
 []

[42] [43]
Overfull \hbox (201.58199pt too wide) has occurred while \output is active
\T1/lmr/m/n/10 44 \T1/lmr/m/sl/10 CHAPTER 2.  EMULATING A TARGET TRIAL OF STATIN USE AND RISK OF DEMENTIA USING COHORT DATA
 []

[44] [45]
Overfull \hbox (201.58199pt too wide) has occurred while \output is active
\T1/lmr/m/n/10 46 \T1/lmr/m/sl/10 CHAPTER 2.  EMULATING A TARGET TRIAL OF STATIN USE AND RISK OF DEMENTIA USING COHORT DATA
 []

[46] [47]
Overfull \hbox (201.58199pt too wide) has occurred while \output is active
\T1/lmr/m/n/10 48 \T1/lmr/m/sl/10 CHAPTER 2.  EMULATING A TARGET TRIAL OF STATIN USE AND RISK OF DEMENTIA USING COHORT DATA
 []

[48] [49]
Overfull \hbox (5.6197pt too wide) in paragraph at lines 899--899
 []|\T1/lmr/bx/n/8 Initiators| 
 []


Overfull \hbox (4.6697pt too wide) in paragraph at lines 899--899
 \T1/lmr/bx/n/8 initiators| 
 []


Overfull \hbox (201.58199pt too wide) has occurred while \output is active
\T1/lmr/m/n/10 50 \T1/lmr/m/sl/10 CHAPTER 2.  EMULATING A TARGET TRIAL OF STATIN USE AND RISK OF DEMENTIA USING COHORT DATA
 []

[50

]
Overfull \hbox (5.6197pt too wide) in paragraph at lines 935--935
 []|\T1/lmr/bx/n/8 Initiators| 
 []


Overfull \hbox (4.6697pt too wide) in paragraph at lines 935--935
 \T1/lmr/bx/n/8 initiators| 
 []

[51]
LaTeX Font Info:    Trying to load font information for T1+lmtt on input line 968.
(c:/Users/palol/AppData/Roaming/TinyTeX/texmf-dist/tex/latex/lm/t1lmtt.fd
File: t1lmtt.fd 2015/05/01 v1.6.1 Font defs for Latin Modern
)
Overfull \hbox (201.58199pt too wide) has occurred while \output is active
\T1/lmr/m/n/10 52 \T1/lmr/m/sl/10 CHAPTER 2.  EMULATING A TARGET TRIAL OF STATIN USE AND RISK OF DEMENTIA USING COHORT DATA
 []

[52

] [53]
Underfull \hbox (badness 1087) in paragraph at lines 984--984
\T1/lmr/m/it/10 Jour-nal of Neu-rol-ogy, Neu-ro-surgery & Psy-chi-a-try\T1/lmr/m/n/10 , \T1/lmr/m/it/10 80\T1/lmr/m/n/10 (1), 13^^U17.
 []


Overfull \hbox (201.59627pt too wide) has occurred while \output is active
\T1/lmr/m/n/10 54 \T1/lmr/m/sl/10 CHAPTER 2.  EMULATING A TARGET TRIAL OF STATIN USE AND RISK OF DEMENTIA USING COHORT DATA
 []

[54]
Missing character: There is no — ("2014) in font ec-lmr10!
[55]
Overfull \hbox (201.59627pt too wide) has occurred while \output is active
\T1/lmr/m/n/10 56 \T1/lmr/m/sl/10 CHAPTER 2.  EMULATING A TARGET TRIAL OF STATIN USE AND RISK OF DEMENTIA USING COHORT DATA
 []

[56] [57]
Overfull \hbox (201.58199pt too wide) has occurred while \output is active
\T1/lmr/m/n/10 58 \T1/lmr/m/sl/10 CHAPTER 2.  EMULATING A TARGET TRIAL OF STATIN USE AND RISK OF DEMENTIA USING COHORT DATA
 []

[58

]
Chapter 3.
Package biblatex Info: Reference segment=4 on input line 987.
Package biblatex Info: Setting label 'refsegment:04' on input line 987.
[59]
Overfull \hbox (257.28275pt too wide) has occurred while \output is active
\T1/lmr/m/n/10 60 \T1/lmr/m/sl/10 CHAPTER 3.  HYPOTHETICAL BLOOD-PRESSURE-LOWERING INTERVENTIONS AND RISK OF STROKE AND DEMENTIA
 []

[60] [61]
Overfull \hbox (257.28275pt too wide) has occurred while \output is active
\T1/lmr/m/n/10 62 \T1/lmr/m/sl/10 CHAPTER 3.  HYPOTHETICAL BLOOD-PRESSURE-LOWERING INTERVENTIONS AND RISK OF STROKE AND DEMENTIA
 []

[62] [63]
Missing character: There is no ≥ ("2265) in font ec-lmr10!

Overfull \hbox (257.28275pt too wide) has occurred while \output is active
\T1/lmr/m/n/10 64 \T1/lmr/m/sl/10 CHAPTER 3.  HYPOTHETICAL BLOOD-PRESSURE-LOWERING INTERVENTIONS AND RISK OF STROKE AND DEMENTIA
 []

[64] [65]
File: C:/Users/palol/OneDrive/Desktop/thesis_bookdown/figs/sbpf1_test.pdf Graphic file (type pdf)
<use C:/Users/palol/OneDrive/Desktop/thesis_bookdown/figs/sbpf1_test.pdf>

Overfull \hbox (257.28275pt too wide) has occurred while \output is active
\T1/lmr/m/n/10 66 \T1/lmr/m/sl/10 CHAPTER 3.  HYPOTHETICAL BLOOD-PRESSURE-LOWERING INTERVENTIONS AND RISK OF STROKE AND DEMENTIA
 []

[66] [67]
Missing character: There is no ε ("3B5) in font ec-lmr10!

Overfull \hbox (257.28275pt too wide) has occurred while \output is active
\T1/lmr/m/n/10 68 \T1/lmr/m/sl/10 CHAPTER 3.  HYPOTHETICAL BLOOD-PRESSURE-LOWERING INTERVENTIONS AND RISK OF STROKE AND DEMENTIA
 []

[68]
Underfull \hbox (badness 6157) in paragraph at lines 1136--1138
\T1/lmr/m/n/10 GFOR-MULA macro that is pub-licly avail-able at []$http : / / www . hsph .
 []


Underfull \hbox (badness 2065) in paragraph at lines 1136--1138
\T1/lmr/m/n/10 call for our pri-mary anal-y-sis is avail-able on the fol-low-ing repos-i-tory
 []

[69]
Overfull \hbox (257.28275pt too wide) has occurred while \output is active
\T1/lmr/m/n/10 70 \T1/lmr/m/sl/10 CHAPTER 3.  HYPOTHETICAL BLOOD-PRESSURE-LOWERING INTERVENTIONS AND RISK OF STROKE AND DEMENTIA
 []

[70] [71]
Overfull \hbox (257.28275pt too wide) has occurred while \output is active
\T1/lmr/m/n/10 72 \T1/lmr/m/sl/10 CHAPTER 3.  HYPOTHETICAL BLOOD-PRESSURE-LOWERING INTERVENTIONS AND RISK OF STROKE AND DEMENTIA
 []

[72] [73

]
Overfull \hbox (257.28275pt too wide) has occurred while \output is active
\T1/lmr/m/n/10 74 \T1/lmr/m/sl/10 CHAPTER 3.  HYPOTHETICAL BLOOD-PRESSURE-LOWERING INTERVENTIONS AND RISK OF STROKE AND DEMENTIA
 []

[74]
File: C:/Users/palol/OneDrive/Desktop/thesis_bookdown/figs/stroke_cr.png Graphic file (type bmp)
<C:/Users/palol/OneDrive/Desktop/thesis_bookdown/figs/stroke_cr.png>
[75]
File: C:/Users/palol/OneDrive/Desktop/thesis_bookdown/figs/dementia_cr.png Graphic file (type bmp)
<C:/Users/palol/OneDrive/Desktop/thesis_bookdown/figs/dementia_cr.png>

Overfull \hbox (257.28275pt too wide) has occurred while \output is active
\T1/lmr/m/n/10 76 \T1/lmr/m/sl/10 CHAPTER 3.  HYPOTHETICAL BLOOD-PRESSURE-LOWERING INTERVENTIONS AND RISK OF STROKE AND DEMENTIA
 []

[76] [77

]
Overfull \hbox (5.27754pt too wide) in paragraph at lines 1321--1321
[]|\T1/lmr/bx/n/9 Sample 
 []


Overfull \hbox (5.27754pt too wide) in paragraph at lines 1349--1349
[]|\T1/lmr/bx/n/9 Sample 
 []


Underfull \vbox (badness 10000) has occurred while \output is active []


Overfull \hbox (257.28275pt too wide) has occurred while \output is active
\T1/lmr/m/n/10 78 \T1/lmr/m/sl/10 CHAPTER 3.  HYPOTHETICAL BLOOD-PRESSURE-LOWERING INTERVENTIONS AND RISK OF STROKE AND DEMENTIA
 []

[78

] [79]
Missing character: There is no ≥ ("2265) in font ec-lmr10!

Overfull \hbox (257.28275pt too wide) has occurred while \output is active
\T1/lmr/m/n/10 80 \T1/lmr/m/sl/10 CHAPTER 3.  HYPOTHETICAL BLOOD-PRESSURE-LOWERING INTERVENTIONS AND RISK OF STROKE AND DEMENTIA
 []

[80

]
Underfull \vbox (badness 2698) has occurred while \output is active []

[81]
Underfull \vbox (badness 2698) has occurred while \output is active []


Overfull \hbox (257.28275pt too wide) has occurred while \output is active
\T1/lmr/m/n/10 82 \T1/lmr/m/sl/10 CHAPTER 3.  HYPOTHETICAL BLOOD-PRESSURE-LOWERING INTERVENTIONS AND RISK OF STROKE AND DEMENTIA
 []

[82] [83]
Missing character: There is no € ("20AC) in font ec-lmr9!
Missing character: There is no ™ ("2122) in font ec-lmr9!

Overfull \hbox (35.99997pt too wide) in paragraph at lines 1400--1425
 [][] 
 []


Underfull \vbox (badness 10000) has occurred while \output is active []


Overfull \hbox (257.28275pt too wide) has occurred while \output is active
\T1/lmr/m/n/10 84 \T1/lmr/m/sl/10 CHAPTER 3.  HYPOTHETICAL BLOOD-PRESSURE-LOWERING INTERVENTIONS AND RISK OF STROKE AND DEMENTIA
 []

[84

]
Overfull \vbox (12.45206pt too high) has occurred while \output is active []

[85]
Missing character: There is no ε ("3B5) in font ec-lmr10!
Missing character: There is no ε ("3B5) in font ec-lmr10!
Missing character: There is no ε ("3B5) in font ec-lmr10!

Overfull \hbox (257.28275pt too wide) has occurred while \output is active
\T1/lmr/m/n/10 86 \T1/lmr/m/sl/10 CHAPTER 3.  HYPOTHETICAL BLOOD-PRESSURE-LOWERING INTERVENTIONS AND RISK OF STROKE AND DEMENTIA
 []

[86] [87]
Overfull \hbox (19.54721pt too wide) in paragraph at lines 1484--1497
 [][] 
 []


Overfull \hbox (257.28275pt too wide) has occurred while \output is active
\T1/lmr/m/n/10 88 \T1/lmr/m/sl/10 CHAPTER 3.  HYPOTHETICAL BLOOD-PRESSURE-LOWERING INTERVENTIONS AND RISK OF STROKE AND DEMENTIA
 []

[88]
Missing character: There is no € ("20AC) in font ec-lmr9!
Missing character: There is no ™ ("2122) in font ec-lmr9!

Overfull \hbox (47.99997pt too wide) in paragraph at lines 1508--1533
 [][] 
 []


Overfull \vbox (32.14674pt too high) has occurred while \output is active []

[89]
File: C:/Users/palol/OneDrive/Desktop/thesis_bookdown/figs/sbpf4.png Graphic file (type bmp)
<C:/Users/palol/OneDrive/Desktop/thesis_bookdown/figs/sbpf4.png>

Overfull \hbox (257.28275pt too wide) has occurred while \output is active
\T1/lmr/m/n/10 90 \T1/lmr/m/sl/10 CHAPTER 3.  HYPOTHETICAL BLOOD-PRESSURE-LOWERING INTERVENTIONS AND RISK OF STROKE AND DEMENTIA
 []

[90]
File: C:/Users/palol/OneDrive/Desktop/thesis_bookdown/figs/sbpf5.png Graphic file (type bmp)
<C:/Users/palol/OneDrive/Desktop/thesis_bookdown/figs/sbpf5.png>
[91]
Overfull \hbox (257.28275pt too wide) has occurred while \output is active
\T1/lmr/m/n/10 92 \T1/lmr/m/sl/10 CHAPTER 3.  HYPOTHETICAL BLOOD-PRESSURE-LOWERING INTERVENTIONS AND RISK OF STROKE AND DEMENTIA
 []

[92

] [93]
Overfull \hbox (257.28275pt too wide) has occurred while \output is active
\T1/lmr/m/n/10 94 \T1/lmr/m/sl/10 CHAPTER 3.  HYPOTHETICAL BLOOD-PRESSURE-LOWERING INTERVENTIONS AND RISK OF STROKE AND DEMENTIA
 []

[94] [95]
Overfull \hbox (257.28275pt too wide) has occurred while \output is active
\T1/lmr/m/n/10 96 \T1/lmr/m/sl/10 CHAPTER 3.  HYPOTHETICAL BLOOD-PRESSURE-LOWERING INTERVENTIONS AND RISK OF STROKE AND DEMENTIA
 []

[96] [97]
Overfull \hbox (257.28275pt too wide) has occurred while \output is active
\T1/lmr/m/n/10 98 \T1/lmr/m/sl/10 CHAPTER 3.  HYPOTHETICAL BLOOD-PRESSURE-LOWERING INTERVENTIONS AND RISK OF STROKE AND DEMENTIA
 []

[98] [99]
Overfull \hbox (262.28275pt too wide) has occurred while \output is active
\T1/lmr/m/n/10 100 \T1/lmr/m/sl/10 CHAPTER 3.  HYPOTHETICAL BLOOD-PRESSURE-LOWERING INTERVENTIONS AND RISK OF STROKE AND DEMENTIA
 []

[100] [101]
Overfull \hbox (262.28275pt too wide) has occurred while \output is active
\T1/lmr/m/n/10 102 \T1/lmr/m/sl/10 CHAPTER 3.  HYPOTHETICAL BLOOD-PRESSURE-LOWERING INTERVENTIONS AND RISK OF STROKE AND DEMENTIA
 []

[102] [103]
Overfull \hbox (262.28275pt too wide) has occurred while \output is active
\T1/lmr/m/n/10 104 \T1/lmr/m/sl/10 CHAPTER 3.  HYPOTHETICAL BLOOD-PRESSURE-LOWERING INTERVENTIONS AND RISK OF STROKE AND DEMENTIA
 []

[104] [105]
Overfull \hbox (262.28275pt too wide) has occurred while \output is active
\T1/lmr/m/n/10 106 \T1/lmr/m/sl/10 CHAPTER 3.  HYPOTHETICAL BLOOD-PRESSURE-LOWERING INTERVENTIONS AND RISK OF STROKE AND DEMENTIA
 []

[106] [107]
Overfull \hbox (262.29153pt too wide) has occurred while \output is active
\T1/lmr/m/n/10 108 \T1/lmr/m/sl/10 CHAPTER 3.  HYPOTHETICAL BLOOD-PRESSURE-LOWERING INTERVENTIONS AND RISK OF STROKE AND DEMENTIA
 []

[108

] [109]
Overfull \hbox (262.29153pt too wide) has occurred while \output is active
\T1/lmr/m/n/10 110 \T1/lmr/m/sl/10 CHAPTER 3.  HYPOTHETICAL BLOOD-PRESSURE-LOWERING INTERVENTIONS AND RISK OF STROKE AND DEMENTIA
 []

[110]
Missing character: There is no – ("2013) in font ec-lmr10!
Missing character: There is no – ("2013) in font ec-lmr10!
[111]
Underfull \hbox (badness 3229) in paragraph at lines 2067--2067
[][]\T1/lmr/m/n/10 The SPRINT MIND In-ves-ti-ga-tors for the SPRINT Re-search Group,
 []


Overfull \hbox (262.29153pt too wide) has occurred while \output is active
\T1/lmr/m/n/10 112 \T1/lmr/m/sl/10 CHAPTER 3.  HYPOTHETICAL BLOOD-PRESSURE-LOWERING INTERVENTIONS AND RISK OF STROKE AND DEMENTIA
 []

[112] [113]
Overfull \hbox (262.28275pt too wide) has occurred while \output is active
\T1/lmr/m/n/10 114 \T1/lmr/m/sl/10 CHAPTER 3.  HYPOTHETICAL BLOOD-PRESSURE-LOWERING INTERVENTIONS AND RISK OF STROKE AND DEMENTIA
 []

[114

]
Chapter 4.
Package biblatex Info: Reference segment=5 on input line 2070.
Package biblatex Info: Setting label 'refsegment:05' on input line 2070.
[115]
Overfull \hbox (303.66682pt too wide) has occurred while \output is active
\T1/lmr/m/n/10 116 \T1/lmr/m/sl/10 CHAPTER 4.  TOWARDS A CLEARER CAUSAL QUESTION UNDERLYING THE ASSOCIATION BETWEEN CANCER AND DEMENTIA
 []

[116]
Overfull \hbox (258.80638pt too wide) has occurred while \output is active
\T1/lmr/m/sl/10 4.2.  TOWARDS A CLEARER CAUSAL QUESTION UNDERLYING THE ASSOCIATION BETWEEN CANCER AND DEMENTIA \T1/lmr/m/n/10 117
 []

[117]
File: 04-cancer_files/figure-latex/cancerf1-1.pdf Graphic file (type pdf)
<use 04-cancer_files/figure-latex/cancerf1-1.pdf>
Missing character: There is no ← ("2190) in font ecrm1000!
Missing character: There is no → ("2192) in font ecrm1000!
Missing character: There is no ← ("2190) in font ecrm1000!
Missing character: There is no → ("2192) in font ecrm1000!

Overfull \hbox (303.66682pt too wide) has occurred while \output is active
\T1/lmr/m/n/10 118 \T1/lmr/m/sl/10 CHAPTER 4.  TOWARDS A CLEARER CAUSAL QUESTION UNDERLYING THE ASSOCIATION BETWEEN CANCER AND DEMENTIA
 []

[118]
File: 04-cancer_files/figure-latex/cancerf2-1.pdf Graphic file (type pdf)
<use 04-cancer_files/figure-latex/cancerf2-1.pdf>
Missing character: There is no ← ("2190) in font ecrm1000!
Missing character: There is no → ("2192) in font ecrm1000!
Missing character: There is no ← ("2190) in font ecrm1000!
Missing character: There is no → ("2192) in font ecrm1000!
Missing character: There is no ← ("2190) in font ecrm1000!
Missing character: There is no → ("2192) in font ecrm1000!
Missing character: There is no ← ("2190) in font ecrm1000!
Missing character: There is no → ("2192) in font ecrm1000!
[119]
Overfull \hbox (303.66682pt too wide) has occurred while \output is active
\T1/lmr/m/n/10 120 \T1/lmr/m/sl/10 CHAPTER 4.  TOWARDS A CLEARER CAUSAL QUESTION UNDERLYING THE ASSOCIATION BETWEEN CANCER AND DEMENTIA
 []

[120]
File: 04-cancer_files/figure-latex/cancerf3-1.pdf Graphic file (type pdf)
<use 04-cancer_files/figure-latex/cancerf3-1.pdf>
File: 04-cancer_files/figure-latex/cancerf4-1.pdf Graphic file (type pdf)
<use 04-cancer_files/figure-latex/cancerf4-1.pdf>
Missing character: There is no ← ("2190) in font ecrm1000!
Missing character: There is no → ("2192) in font ecrm1000!
Missing character: There is no ← ("2190) in font ecrm1000!
Missing character: There is no ← ("2190) in font ecrm1000!
Missing character: There is no ← ("2190) in font ecrm1000!
Missing character: There is no ← ("2190) in font ecrm1000!
Missing character: There is no → ("2192) in font ecrm1000!
Missing character: There is no ← ("2190) in font ecrm1000!
Missing character: There is no → ("2192) in font ecrm1000!
Missing character: There is no ← ("2190) in font ecrm1000!
Missing character: There is no ← ("2190) in font ecrm1000!
Missing character: There is no ← ("2190) in font ecrm1000!
Missing character: There is no ← ("2190) in font ecrm1000!
Missing character: There is no → ("2192) in font ecrm1000!
[121]
Overfull \hbox (303.66682pt too wide) has occurred while \output is active
\T1/lmr/m/n/10 122 \T1/lmr/m/sl/10 CHAPTER 4.  TOWARDS A CLEARER CAUSAL QUESTION UNDERLYING THE ASSOCIATION BETWEEN CANCER AND DEMENTIA
 []

[122]
Missing character: There is no ← ("2190) in font ecrm1000!
Missing character: There is no → ("2192) in font ecrm1000!
Missing character: There is no ← ("2190) in font ecrm1000!
Missing character: There is no ← ("2190) in font ecrm1000!
File: 04-cancer_files/figure-latex/cancerf5-1.pdf Graphic file (type pdf)
<use 04-cancer_files/figure-latex/cancerf5-1.pdf>
[123]
Underfull \vbox (badness 3049) has occurred while \output is active []


Overfull \hbox (303.66682pt too wide) has occurred while \output is active
\T1/lmr/m/n/10 124 \T1/lmr/m/sl/10 CHAPTER 4.  TOWARDS A CLEARER CAUSAL QUESTION UNDERLYING THE ASSOCIATION BETWEEN CANCER AND DEMENTIA
 []

[124] [125]
Overfull \hbox (303.66682pt too wide) has occurred while \output is active
\T1/lmr/m/n/10 126 \T1/lmr/m/sl/10 CHAPTER 4.  TOWARDS A CLEARER CAUSAL QUESTION UNDERLYING THE ASSOCIATION BETWEEN CANCER AND DEMENTIA
 []

[126] [127]
Overfull \hbox (8.2583pt too wide) in paragraph at lines 2267--2285
 [] 
 []


Underfull \vbox (badness 10000) has occurred while \output is active []


Overfull \hbox (303.66682pt too wide) has occurred while \output is active
\T1/lmr/m/n/10 128 \T1/lmr/m/sl/10 CHAPTER 4.  TOWARDS A CLEARER CAUSAL QUESTION UNDERLYING THE ASSOCIATION BETWEEN CANCER AND DEMENTIA
 []

[128] [129]
File: C:/Users/palol/OneDrive/Desktop/thesis_bookdown/figs/cancerf6.jpg Graphic file (type bmp)
<C:/Users/palol/OneDrive/Desktop/thesis_bookdown/figs/cancerf6.jpg>

Overfull \hbox (303.66682pt too wide) has occurred while \output is active
\T1/lmr/m/n/10 130 \T1/lmr/m/sl/10 CHAPTER 4.  TOWARDS A CLEARER CAUSAL QUESTION UNDERLYING THE ASSOCIATION BETWEEN CANCER AND DEMENTIA
 []

[130] [131


]
Overfull \hbox (303.66682pt too wide) has occurred while \output is active
\T1/lmr/m/n/10 132 \T1/lmr/m/sl/10 CHAPTER 4.  TOWARDS A CLEARER CAUSAL QUESTION UNDERLYING THE ASSOCIATION BETWEEN CANCER AND DEMENTIA
 []

[132] [133]
Overfull \hbox (303.66682pt too wide) has occurred while \output is active
\T1/lmr/m/n/10 134 \T1/lmr/m/sl/10 CHAPTER 4.  TOWARDS A CLEARER CAUSAL QUESTION UNDERLYING THE ASSOCIATION BETWEEN CANCER AND DEMENTIA
 []

[134] [135]
Underfull \hbox (badness 10000) in paragraph at lines 2440--2441

 []

File: C:/Users/palol/OneDrive/Desktop/thesis_bookdown/figs/cancerf7.jpg Graphic file (type bmp)
<C:/Users/palol/OneDrive/Desktop/thesis_bookdown/figs/cancerf7.jpg>

Overfull \hbox (303.66682pt too wide) has occurred while \output is active
\T1/lmr/m/n/10 136 \T1/lmr/m/sl/10 CHAPTER 4.  TOWARDS A CLEARER CAUSAL QUESTION UNDERLYING THE ASSOCIATION BETWEEN CANCER AND DEMENTIA
 []

[136]
Underfull \hbox (badness 10000) in paragraph at lines 2456--2457

 []

File: C:/Users/palol/OneDrive/Desktop/thesis_bookdown/figs/cancerf8.jpg Graphic file (type bmp)
<C:/Users/palol/OneDrive/Desktop/thesis_bookdown/figs/cancerf8.jpg>
[137]
Overfull \hbox (303.67891pt too wide) has occurred while \output is active
\T1/lmr/m/n/10 138 \T1/lmr/m/sl/10 CHAPTER 4.  TOWARDS A CLEARER CAUSAL QUESTION UNDERLYING THE ASSOCIATION BETWEEN CANCER AND DEMENTIA
 []

[138] [139]
Missing character: There is no — ("2014) in font ec-lmr10!

Underfull \hbox (badness 1163) in paragraph at lines 2471--2471
[][]\T1/lmr/m/n/10 Ording, A. G., Horváth-Puhó, E., Veres, K., Gly-mour, M. M., Rørth,
 []


Underfull \hbox (badness 2302) in paragraph at lines 2471--2471
\T1/lmr/m/n/10 risk of Alzheimer's dis-ease: Small as-so-ci-a-tion in a na-tion-wide
 []


Underfull \hbox (badness 1642) in paragraph at lines 2471--2471
\T1/lmr/m/n/10 co-hort study. \T1/lmr/m/it/10 Alzheimer's & De-men-tia\T1/lmr/m/n/10 , \T1/lmr/m/it/10 16\T1/lmr/m/n/10 (7), 953^^U964. []$https :
 []


Overfull \hbox (303.67891pt too wide) has occurred while \output is active
\T1/lmr/m/n/10 140 \T1/lmr/m/sl/10 CHAPTER 4.  TOWARDS A CLEARER CAUSAL QUESTION UNDERLYING THE ASSOCIATION BETWEEN CANCER AND DEMENTIA
 []

[140] [141]
Overfull \hbox (303.66682pt too wide) has occurred while \output is active
\T1/lmr/m/n/10 142 \T1/lmr/m/sl/10 CHAPTER 4.  TOWARDS A CLEARER CAUSAL QUESTION UNDERLYING THE ASSOCIATION BETWEEN CANCER AND DEMENTIA
 []

[142]
Chapter 5.
Package biblatex Info: Reference segment=6 on input line 2474.
Package biblatex Info: Setting label 'refsegment:06' on input line 2474.
[143

]
Overfull \hbox (45.3387pt too wide) has occurred while \output is active
\T1/lmr/m/n/10 144 \T1/lmr/m/sl/10 CHAPTER 5.  HOW ARE WE COUNTING THE DEAD IN DEMENTIA STUDIES?
 []

[144] [145]
File: C:/Users/palol/OneDrive/Desktop/thesis_bookdown/figs/systrevf1.png Graphic file (type bmp)
<C:/Users/palol/OneDrive/Desktop/thesis_bookdown/figs/systrevf1.png>

Overfull \hbox (45.3387pt too wide) has occurred while \output is active
\T1/lmr/m/n/10 146 \T1/lmr/m/sl/10 CHAPTER 5.  HOW ARE WE COUNTING THE DEAD IN DEMENTIA STUDIES?
 []

[146]
Overfull \vbox (88.70224pt too high) has occurred while \output is active []

[147]
Overfull \hbox (45.3387pt too wide) has occurred while \output is active
\T1/lmr/m/n/10 148 \T1/lmr/m/sl/10 CHAPTER 5.  HOW ARE WE COUNTING THE DEAD IN DEMENTIA STUDIES?
 []

[148] [149]
Overfull \hbox (45.3387pt too wide) has occurred while \output is active
\T1/lmr/m/n/10 150 \T1/lmr/m/sl/10 CHAPTER 5.  HOW ARE WE COUNTING THE DEAD IN DEMENTIA STUDIES?
 []

[150]
Chapter 6.
Package biblatex Info: Reference segment=7 on input line 2647.
Package biblatex Info: Setting label 'refsegment:07' on input line 2647.
[151

]
Overfull \hbox (330.4721pt too wide) has occurred while \output is active
\T1/lmr/m/n/10 152 \T1/lmr/m/sl/10 CHAPTER 6.  CHOOSING QUESTIONS BEFORE METHODS IN DEMENTIA RESEARCH WITH COMPETING EVENTS AND CAUSAL GOALS
 []

[152] [153]
Overfull \hbox (330.4721pt too wide) has occurred while \output is active
\T1/lmr/m/n/10 154 \T1/lmr/m/sl/10 CHAPTER 6.  CHOOSING QUESTIONS BEFORE METHODS IN DEMENTIA RESEARCH WITH COMPETING EVENTS AND CAUSAL GOALS
 []

[154]
File: C:/Users/palol/OneDrive/Desktop/thesis_bookdown/figs/crf1.png Graphic file (type bmp)
<C:/Users/palol/OneDrive/Desktop/thesis_bookdown/figs/crf1.png>

Overfull \hbox (350.74988pt too wide) has occurred while \output is active
\T1/lmr/m/sl/10 6.3.  FROM QUESTIONS TO METHODS IN DEMENTIA STUDIES WHERE SOME INDIVIDUALS DIE DURING STUDY: A PEDAGOGIC EXAMPLE \T1/lmr/m/n/10 155
 []

[155]
Missing character: There is no → ("2192) in font ecrm1000!
Missing character: There is no → ("2192) in font ecrm1000!
Missing character: There is no → ("2192) in font ecrm1000!

Overfull \hbox (330.4721pt too wide) has occurred while \output is active
\T1/lmr/m/n/10 156 \T1/lmr/m/sl/10 CHAPTER 6.  CHOOSING QUESTIONS BEFORE METHODS IN DEMENTIA RESEARCH WITH COMPETING EVENTS AND CAUSAL GOALS
 []

[156]
Missing character: There is no ← ("2190) in font ecrm1000!
Missing character: There is no → ("2192) in font ecrm1000!

Overfull \hbox (350.74988pt too wide) has occurred while \output is active
\T1/lmr/m/sl/10 6.3.  FROM QUESTIONS TO METHODS IN DEMENTIA STUDIES WHERE SOME INDIVIDUALS DIE DURING STUDY: A PEDAGOGIC EXAMPLE \T1/lmr/m/n/10 157
 []

[157]
Overfull \hbox (330.4721pt too wide) has occurred while \output is active
\T1/lmr/m/n/10 158 \T1/lmr/m/sl/10 CHAPTER 6.  CHOOSING QUESTIONS BEFORE METHODS IN DEMENTIA RESEARCH WITH COMPETING EVENTS AND CAUSAL GOALS
 []

[158]
Missing character: There is no ε ("3B5) in font ec-lmr10!
[159]
Missing character: There is no ε ("3B5) in font ec-lmr10!

Overfull \hbox (330.4721pt too wide) has occurred while \output is active
\T1/lmr/m/n/10 160 \T1/lmr/m/sl/10 CHAPTER 6.  CHOOSING QUESTIONS BEFORE METHODS IN DEMENTIA RESEARCH WITH COMPETING EVENTS AND CAUSAL GOALS
 []

[160] [161]
Underfull \vbox (badness 10000) has occurred while \output is active []


Overfull \hbox (330.4721pt too wide) has occurred while \output is active
\T1/lmr/m/n/10 162 \T1/lmr/m/sl/10 CHAPTER 6.  CHOOSING QUESTIONS BEFORE METHODS IN DEMENTIA RESEARCH WITH COMPETING EVENTS AND CAUSAL GOALS
 []

[162] [163]
File: C:/Users/palol/OneDrive/Desktop/thesis_bookdown/figs/crf2.png Graphic file (type bmp)
<C:/Users/palol/OneDrive/Desktop/thesis_bookdown/figs/crf2.png>

Overfull \hbox (330.4721pt too wide) has occurred while \output is active
\T1/lmr/m/n/10 164 \T1/lmr/m/sl/10 CHAPTER 6.  CHOOSING QUESTIONS BEFORE METHODS IN DEMENTIA RESEARCH WITH COMPETING EVENTS AND CAUSAL GOALS
 []

[164] [165


]
Overfull \hbox (330.4721pt too wide) has occurred while \output is active
\T1/lmr/m/n/10 166 \T1/lmr/m/sl/10 CHAPTER 6.  CHOOSING QUESTIONS BEFORE METHODS IN DEMENTIA RESEARCH WITH COMPETING EVENTS AND CAUSAL GOALS
 []

[166] [167]
Overfull \hbox (330.4721pt too wide) has occurred while \output is active
\T1/lmr/m/n/10 168 \T1/lmr/m/sl/10 CHAPTER 6.  CHOOSING QUESTIONS BEFORE METHODS IN DEMENTIA RESEARCH WITH COMPETING EVENTS AND CAUSAL GOALS
 []

[168] [169]
Overfull \hbox (330.48529pt too wide) has occurred while \output is active
\T1/lmr/m/n/10 170 \T1/lmr/m/sl/10 CHAPTER 6.  CHOOSING QUESTIONS BEFORE METHODS IN DEMENTIA RESEARCH WITH COMPETING EVENTS AND CAUSAL GOALS
 []

[170] [171]
Missing character: There is no — ("2014) in font ec-lmr10!
Missing character: There is no – ("2013) in font ec-lmr10!

Overfull \hbox (330.48529pt too wide) has occurred while \output is active
\T1/lmr/m/n/10 172 \T1/lmr/m/sl/10 CHAPTER 6.  CHOOSING QUESTIONS BEFORE METHODS IN DEMENTIA RESEARCH WITH COMPETING EVENTS AND CAUSAL GOALS
 []

[172] [173]
Overfull \hbox (330.4721pt too wide) has occurred while \output is active
\T1/lmr/m/n/10 174 \T1/lmr/m/sl/10 CHAPTER 6.  CHOOSING QUESTIONS BEFORE METHODS IN DEMENTIA RESEARCH WITH COMPETING EVENTS AND CAUSAL GOALS
 []

[174

]
Chapter 7.
Package biblatex Info: Reference segment=8 on input line 2931.
Package biblatex Info: Setting label 'refsegment:08' on input line 2931.
[175] [176] [177] [178] [179]
Missing character: There is no ∗ ("2217) in font ecrm1000!
Missing character: There is no ∗ ("2217) in font ecrm1000!
Missing character: There is no ∗ ("2217) in font ecrm1000!
[180] [181] [182] [183] [184] [185] [186] [187]
Underfull \vbox (badness 2698) has occurred while \output is active []

[188] [189] [190] [191]
Underfull \vbox (badness 2698) has occurred while \output is active []

[192] [193] [194]
Missing character: There is no — ("2014) in font ec-lmr10!
[195] [196] [197]
Missing character: There is no — ("2014) in font ec-lmr10!
[198] [199] [200]
Missing character: There is no — ("2014) in font ec-lmr10!

Underfull \hbox (badness 2384) in paragraph at lines 3038--3038
\T1/lmr/m/n/10 ing HIV Pro-gram Ef-fects: A Struc-tural Ap-proach to Con-text
 []


Underfull \hbox (badness 2689) in paragraph at lines 3038--3038
\T1/lmr/m/n/10 Us-ing the Trans-porta-bil-ity Frame-work. \T1/lmr/m/it/10 JAIDS Jour-nal of Ac-
 []


Underfull \hbox (badness 1320) in paragraph at lines 3038--3038
\T1/lmr/m/it/10 quired Im-mune De-fi-ciency Syn-dromes\T1/lmr/m/n/10 , \T1/lmr/m/it/10 82\T1/lmr/m/n/10 (3), S199^^US205. []$https :
 []

[201]
Missing character: There is no — ("2014) in font ec-lmr10!
[202]
Missing character: There is no — ("2014) in font ec-lmr10!
Missing character: There is no — ("2014) in font ec-lmr10!
[203]
Underfull \hbox (badness 3229) in paragraph at lines 3038--3038
[][]\T1/lmr/m/n/10 The SPRINT MIND In-ves-ti-ga-tors for the SPRINT Re-search Group,
 []

[204] [205] [206]
Chapter 8.
Package biblatex Info: Reference segment=9 on input line 3041.
Package biblatex Info: Setting label 'refsegment:09' on input line 3041.
[207

] [208]
Underfull \hbox (badness 2469) in paragraph at lines 3062--3063
\T1/lmr/m/n/10 Es-tratég-ica para el Au-tocuidado Socio-Comunitario (Strate-gic Net-work
 []


Underfull \hbox (badness 1661) in paragraph at lines 3062--3063
\T1/lmr/m/n/10 Socio-Comunitario'', []2020[]). We sys-tem-atize col-lec-tive ex-pe-ri-ences and
 []

[209] [210]
Chapter 9.
Package biblatex Info: Reference segment=10 on input line 3071.
Package biblatex Info: Setting label 'refsegment:010' on input line 3071.
[211

] [212] [213] [214] [215] [216

]
Chapter 10.
Package biblatex Info: Reference segment=11 on input line 3108.
Package biblatex Info: Setting label 'refsegment:011' on input line 3108.
[217]
Missing character: There is no ’ ("2019) in font ec-lmr9!
[218]
Missing character: There is no “ ("201C) in font ec-lmr9!
Missing character: There is no ” ("201D) in font ec-lmr9!
Missing character: There is no ’ ("2019) in font ec-lmr9!
[219]
Underfull \hbox (badness 1748) in paragraph at lines 3227--3229
[]\T1/lmr/m/n/10 Heshmatollah A, Mutlu U, \T1/lmr/bx/n/10 Rojas-Saunero LP\T1/lmr/m/n/10 , Porte-gies MLP,
 []


Underfull \hbox (badness 1735) in paragraph at lines 3233--3235
[]\T1/lmr/m/n/10 van der Wil-lik KD, \T1/lmr/bx/n/10 Rojas-Saunero LP.\T1/lmr/m/n/10 , Labrecque JA, Ikram
 []


Underfull \hbox (badness 2547) in paragraph at lines 3233--3235
\T1/lmr/m/n/10 non pathology-confirmed can-cer di-ag-noses: in-ci-dence, par-tic-i-pant
 []


Underfull \hbox (badness 1694) in paragraph at lines 3233--3235
\T1/lmr/m/n/10 char-ac-ter-is-tics, and sur-vival[]. \T1/lmr/m/it/10 Eu-ro-pean Jour-nal of Epi-demi-ol-ogy.
 []

[220] [221] [222] [223]
File: eur_line.pdf Graphic file (type pdf)
<use eur_line.pdf>
File: eur_logo.pdf Graphic file (type pdf)
<use eur_logo.pdf>
[224] [225]
Underfull \hbox (badness 2837) in paragraph at lines 3320--3321
[]\T1/lmr/bx/n/10 Rojas-Saunero L.P. []\T1/lmr/m/n/10 In the midst of two re-al-i-ties[]. \T1/lmr/m/it/10 Epi-demi-ol-ogy.
 []

[226] [227

]
Missing character: There is no — ("2014) in font ec-lmr10!
[228] [229] [230] [231] [232] [233]
Missing character: There is no — ("2014) in font ec-lmr10!
[234]
Underfull \hbox (badness 1087) in paragraph at lines 3325--3325
\T1/lmr/m/it/10 Jour-nal of Neu-rol-ogy, Neu-ro-surgery & Psy-chi-a-try\T1/lmr/m/n/10 , \T1/lmr/m/it/10 80\T1/lmr/m/n/10 (1), 13^^U17.
 []

[235] [236] [237]
Missing character: There is no – ("2013) in font ec-lmr10!
Missing character: There is no – ("2013) in font ec-lmr10!
[238] [239] [240]
Missing character: There is no — ("2014) in font ec-lmr10!
[241]
Underfull \hbox (badness 2384) in paragraph at lines 3325--3325
\T1/lmr/m/n/10 ing HIV Pro-gram Ef-fects: A Struc-tural Ap-proach to Con-text
 []


Underfull \hbox (badness 2689) in paragraph at lines 3325--3325
\T1/lmr/m/n/10 Us-ing the Trans-porta-bil-ity Frame-work. \T1/lmr/m/it/10 JAIDS Jour-nal of Ac-
 []


Underfull \hbox (badness 1320) in paragraph at lines 3325--3325
\T1/lmr/m/it/10 quired Im-mune De-fi-ciency Syn-dromes\T1/lmr/m/n/10 , \T1/lmr/m/it/10 82\T1/lmr/m/n/10 (3), S199^^US205. []$https :
 []

Missing character: There is no – ("2013) in font ec-lmr10!
Missing character: There is no – ("2013) in font ec-lmr10!
[242]
Missing character: There is no — ("2014) in font ec-lmr10!

Underfull \hbox (badness 1163) in paragraph at lines 3325--3325
[][]\T1/lmr/m/n/10 Ording, A. G., Horváth-Puhó, E., Veres, K., Gly-mour, M. M., Rørth,
 []


Underfull \hbox (badness 2302) in paragraph at lines 3325--3325
\T1/lmr/m/n/10 risk of Alzheimer's dis-ease: Small as-so-ci-a-tion in a na-tion-wide
 []


Underfull \hbox (badness 1642) in paragraph at lines 3325--3325
\T1/lmr/m/n/10 co-hort study. \T1/lmr/m/it/10 Alzheimer's & De-men-tia\T1/lmr/m/n/10 , \T1/lmr/m/it/10 16\T1/lmr/m/n/10 (7), 953^^U964. []$https :
 []

[243]
Missing character: There is no — ("2014) in font ec-lmr10!
[244]
Missing character: There is no — ("2014) in font ec-lmr10!
Missing character: There is no — ("2014) in font ec-lmr10!
Missing character: There is no – ("2013) in font ec-lmr10!
[245] [246] [247]
Underfull \hbox (badness 3229) in paragraph at lines 3325--3325
[][]\T1/lmr/m/n/10 The SPRINT MIND In-ves-ti-ga-tors for the SPRINT Re-search Group,
 []

[248] [249] [250] [251] (./thesis_bookdown.aux)

LaTeX Font Warning: Some font shapes were not available, defaults substituted.


LaTeX Warning: There were multiply-defined labels.

Package logreq Info: Writing requests to 'thesis_bookdown.run.xml'.
\openout1 = `thesis_bookdown.run.xml'.

 ) 
Here is how much of TeX's memory you used:
 30278 strings out of 478256
 587115 string characters out of 5854459
 2321827 words of memory out of 5000000
 50396 multiletter control sequences out of 15000+600000
 516224 words of font info for 115 fonts, out of 8000000 for 9000
 14 hyphenation exceptions out of 8191
 86i,13n,120p,3289b,5414s stack positions out of 5000i,500n,10000p,200000b,80000s

Output written on thesis_bookdown.pdf (251 pages).
